12.2803 	WARNING 	User requested fullscreen with size [800 600], but screen is actually [1680, 1050]. Using actual size
1.5189 	CRITICAL 	***Begin Experiment***
1.5190 	CRITICAL 	***Randomization: white_1st***
1.5190 	CRITICAL 	***Block 1 Instructions***
103.7081 	DATA 	Keypress: space
175.4602 	DATA 	Keypress: space
175.4603 	CRITICAL 	***Block 1 Experiment***
175.4603 	CRITICAL 	Stim: bf23_nc.jpg
177.5622 	DATA 	Keypress: i
177.5623 	CRITICAL 	Final keypress: i
177.8289 	CRITICAL 	Stim: wm4_nc.jpg
178.9465 	DATA 	Keypress: e
178.9466 	CRITICAL 	Final keypress: e
179.2130 	CRITICAL 	Stim: wf2_nc.jpg
180.3309 	DATA 	Keypress: e
180.3310 	CRITICAL 	Final keypress: e
180.5973 	CRITICAL 	Stim: bm56_nc.jpg
181.4650 	DATA 	Keypress: i
181.4651 	CRITICAL 	Final keypress: i
181.7314 	CRITICAL 	Stim: wm6_nc.jpg
183.4331 	DATA 	Keypress: e
183.4332 	CRITICAL 	Final keypress: e
183.6995 	CRITICAL 	Stim: wf2_nc.jpg
184.8008 	DATA 	Keypress: e
184.8009 	CRITICAL 	Final keypress: e
185.0672 	CRITICAL 	Stim: bm56_nc.jpg
185.7848 	DATA 	Keypress: i
185.7849 	CRITICAL 	Final keypress: i
186.0512 	CRITICAL 	Stim: wm6_nc.jpg
186.7689 	DATA 	Keypress: e
186.7689 	CRITICAL 	Final keypress: e
187.0353 	CRITICAL 	Stim: bm23_nc.jpg
187.8863 	DATA 	Keypress: i
187.8864 	CRITICAL 	Final keypress: i
188.1528 	CRITICAL 	Stim: bf56_nc.jpg
189.1707 	DATA 	Keypress: i
189.1707 	CRITICAL 	Final keypress: i
189.4370 	CRITICAL 	Stim: wf6_nc.jpg
190.4048 	DATA 	Keypress: e
190.4049 	CRITICAL 	Final keypress: e
190.6713 	CRITICAL 	Stim: wm4_nc.jpg
191.4890 	DATA 	Keypress: e
191.4890 	CRITICAL 	Final keypress: e
191.7554 	CRITICAL 	Stim: wf6_nc.jpg
192.5231 	DATA 	Keypress: e
192.5232 	CRITICAL 	Final keypress: e
192.7895 	CRITICAL 	Stim: wm1_nc.jpg
193.6739 	DATA 	Keypress: e
193.6740 	CRITICAL 	Final keypress: e
193.9403 	CRITICAL 	Stim: bf14_nc.jpg
194.5745 	DATA 	Keypress: i
194.5746 	CRITICAL 	Final keypress: i
194.8410 	CRITICAL 	Stim: bm14_nc.jpg
195.4919 	DATA 	Keypress: i
195.4920 	CRITICAL 	Final keypress: i
195.7583 	CRITICAL 	Stim: bm23_nc.jpg
196.4259 	DATA 	Keypress: i
196.4260 	CRITICAL 	Final keypress: i
196.6923 	CRITICAL 	Stim: bf23_nc.jpg
197.5934 	DATA 	Keypress: i
197.5935 	CRITICAL 	Final keypress: i
197.8598 	CRITICAL 	Stim: wm1_nc.jpg
198.5941 	DATA 	Keypress: e
198.5942 	CRITICAL 	Final keypress: e
198.8606 	CRITICAL 	Stim: bm14_nc.jpg
199.5115 	DATA 	Keypress: i
199.5116 	CRITICAL 	Final keypress: i
199.7779 	CRITICAL 	***Block 2 Instructions***
215.7895 	DATA 	Keypress: space
215.7896 	CRITICAL 	***Block 2 Experiment***
215.7896 	CRITICAL 	Stim: Terrible
217.3745 	DATA 	Keypress: i
217.3746 	CRITICAL 	Final keypress: i
217.6409 	CRITICAL 	Stim: Nasty
218.3586 	DATA 	Keypress: i
218.3587 	CRITICAL 	Final keypress: i
218.6249 	CRITICAL 	Stim: Glorious
219.3593 	DATA 	Keypress: e
219.3594 	CRITICAL 	Final keypress: e
219.6256 	CRITICAL 	Stim: Lovely
220.4268 	DATA 	Keypress: e
220.4269 	CRITICAL 	Final keypress: e
220.6931 	CRITICAL 	Stim: Horrible
221.5776 	DATA 	Keypress: i
221.5777 	CRITICAL 	Final keypress: i
221.8439 	CRITICAL 	Stim: Lovely
222.5283 	DATA 	Keypress: e
222.5284 	CRITICAL 	Final keypress: e
222.7946 	CRITICAL 	Stim: Humiliate
224.2796 	DATA 	Keypress: i
224.2796 	CRITICAL 	Final keypress: i
224.5459 	CRITICAL 	Stim: Painful
225.2470 	DATA 	Keypress: i
225.2470 	CRITICAL 	Final keypress: i
225.5133 	CRITICAL 	Stim: Humiliate
226.2143 	DATA 	Keypress: i
226.2144 	CRITICAL 	Final keypress: i
226.4806 	CRITICAL 	Stim: Wonderful
227.1817 	DATA 	Keypress: e
227.1818 	CRITICAL 	Final keypress: e
227.4480 	CRITICAL 	Stim: Agony
228.1490 	DATA 	Keypress: i
228.1491 	CRITICAL 	Final keypress: i
228.4154 	CRITICAL 	Stim: Tragic
229.1664 	DATA 	Keypress: i
229.1665 	CRITICAL 	Final keypress: i
229.4328 	CRITICAL 	Stim: Horrible
230.1838 	DATA 	Keypress: i
230.1839 	CRITICAL 	Final keypress: i
230.4502 	CRITICAL 	Stim: Superb
231.2846 	DATA 	Keypress: e
231.2847 	CRITICAL 	Final keypress: e
231.5510 	CRITICAL 	Stim: Joyful
232.2520 	DATA 	Keypress: e
232.2521 	CRITICAL 	Final keypress: e
232.5183 	CRITICAL 	Stim: Agony
233.2361 	DATA 	Keypress: i
233.2362 	CRITICAL 	Final keypress: i
233.5025 	CRITICAL 	Stim: Marvelous
234.4036 	DATA 	Keypress: e
234.4037 	CRITICAL 	Final keypress: e
234.6699 	CRITICAL 	Stim: Beautiful
235.4877 	DATA 	Keypress: e
235.4878 	CRITICAL 	Final keypress: e
235.7540 	CRITICAL 	Stim: Superb
236.5385 	DATA 	Keypress: e
236.5386 	CRITICAL 	Final keypress: e
236.8048 	CRITICAL 	Stim: Joyful
237.5559 	DATA 	Keypress: e
237.5560 	CRITICAL 	Final keypress: e
237.8222 	CRITICAL 	***Block 3 Instructions***
249.6141 	DATA 	Keypress: space
249.6142 	CRITICAL 	***Block 3 Experiment***
249.6142 	CRITICAL 	Stim: Glorious
251.7335 	DATA 	Keypress: e
251.7336 	CRITICAL 	Final keypress: e
251.9992 	CRITICAL 	Stim: Beautiful
253.0178 	DATA 	Keypress: e
253.0179 	CRITICAL 	Final keypress: e
253.2834 	CRITICAL 	Stim: Joyful
254.1353 	DATA 	Keypress: e
254.1354 	CRITICAL 	Final keypress: e
254.4009 	CRITICAL 	Stim: wf2_nc.jpg
255.4194 	DATA 	Keypress: e
255.4195 	CRITICAL 	Final keypress: e
255.6852 	CRITICAL 	Stim: bm23_nc.jpg
257.4876 	DATA 	Keypress: i
257.4877 	CRITICAL 	Final keypress: i
257.7533 	CRITICAL 	Stim: bm56_nc.jpg
258.5384 	DATA 	Keypress: i
258.5384 	CRITICAL 	Final keypress: i
258.8041 	CRITICAL 	Stim: Horrible
259.6393 	DATA 	Keypress: i
259.6394 	CRITICAL 	Final keypress: i
259.9049 	CRITICAL 	Stim: Marvelous
260.6400 	DATA 	Keypress: e
260.6401 	CRITICAL 	Final keypress: e
260.9056 	CRITICAL 	Stim: bf14_nc.jpg
261.6406 	DATA 	Keypress: i
261.6407 	CRITICAL 	Final keypress: i
261.9064 	CRITICAL 	Stim: Awful
263.7089 	DATA 	Keypress: i
263.7090 	CRITICAL 	Final keypress: i
263.9745 	CRITICAL 	Stim: Agony
264.5262 	DATA 	Keypress: i
264.5263 	CRITICAL 	Final keypress: i
264.7918 	CRITICAL 	Stim: bf23_nc.jpg
265.4267 	DATA 	Keypress: i
265.4268 	CRITICAL 	Final keypress: i
265.6924 	CRITICAL 	Stim: bm14_nc.jpg
266.3941 	DATA 	Keypress: i
266.3942 	CRITICAL 	Final keypress: i
266.6598 	CRITICAL 	Stim: wm4_nc.jpg
267.2447 	DATA 	Keypress: e
267.2448 	CRITICAL 	Final keypress: e
267.5104 	CRITICAL 	Stim: wf3_nc.jpg
268.1453 	DATA 	Keypress: e
268.1454 	CRITICAL 	Final keypress: e
268.4111 	CRITICAL 	Stim: Wonderful
269.0795 	DATA 	Keypress: e
269.0796 	CRITICAL 	Final keypress: e
269.3451 	CRITICAL 	Stim: Terrible
270.0135 	DATA 	Keypress: i
270.0136 	CRITICAL 	Final keypress: i
270.2791 	CRITICAL 	Stim: Tragic
270.8474 	DATA 	Keypress: i
270.8475 	CRITICAL 	Final keypress: i
271.1131 	CRITICAL 	Stim: wf6_nc.jpg
271.9148 	DATA 	Keypress: e
271.9149 	CRITICAL 	Final keypress: e
272.1805 	CRITICAL 	Stim: wm6_nc.jpg
272.7988 	DATA 	Keypress: e
272.7988 	CRITICAL 	Final keypress: e
273.0645 	CRITICAL 	***Block 4 Instructions***
282.5880 	DATA 	Keypress: space
282.5881 	CRITICAL 	***Block 4 Experiment***
282.5881 	CRITICAL 	Stim: Lovely
283.5566 	DATA 	Keypress: e
283.5567 	CRITICAL 	Final keypress: e
283.8224 	CRITICAL 	Stim: Horrible
284.5240 	DATA 	Keypress: i
284.5241 	CRITICAL 	Final keypress: i
284.7897 	CRITICAL 	Stim: bf14_nc.jpg
285.5246 	DATA 	Keypress: i
285.5247 	CRITICAL 	Final keypress: i
285.7904 	CRITICAL 	Stim: Painful
286.4754 	DATA 	Keypress: i
286.4755 	CRITICAL 	Final keypress: i
286.7411 	CRITICAL 	Stim: Glorious
287.3928 	DATA 	Keypress: e
287.3929 	CRITICAL 	Final keypress: e
287.6584 	CRITICAL 	Stim: Superb
288.8105 	DATA 	Keypress: e
288.8105 	CRITICAL 	Final keypress: e
289.0761 	CRITICAL 	Stim: bm14_nc.jpg
289.7444 	DATA 	Keypress: i
289.7445 	CRITICAL 	Final keypress: i
290.0101 	CRITICAL 	Stim: wf2_nc.jpg
290.7284 	DATA 	Keypress: e
290.7285 	CRITICAL 	Final keypress: e
290.9942 	CRITICAL 	Stim: Humiliate
292.3630 	DATA 	Keypress: i
292.3631 	CRITICAL 	Final keypress: i
292.6287 	CRITICAL 	Stim: bm56_nc.jpg
293.1969 	DATA 	Keypress: i
293.1970 	CRITICAL 	Final keypress: i
293.4626 	CRITICAL 	Stim: Awful
294.2144 	DATA 	Keypress: i
294.2145 	CRITICAL 	Final keypress: i
294.4800 	CRITICAL 	Stim: wm4_nc.jpg
295.1483 	DATA 	Keypress: e
295.1484 	CRITICAL 	Final keypress: e
295.4140 	CRITICAL 	Stim: Beautiful
296.2659 	DATA 	Keypress: i
297.2166 	DATA 	Keypress: e
297.2166 	CRITICAL 	Final keypress: e
297.4823 	CRITICAL 	Stim: bm23_nc.jpg
298.1505 	DATA 	Keypress: i
298.1506 	CRITICAL 	Final keypress: i
298.4162 	CRITICAL 	Stim: Marvelous
300.3856 	DATA 	Keypress: e
300.3857 	CRITICAL 	Final keypress: e
300.6512 	CRITICAL 	Stim: Joyful
301.1194 	DATA 	Keypress: e
301.1195 	CRITICAL 	Final keypress: e
301.3851 	CRITICAL 	Stim: wm1_nc.jpg
302.0367 	DATA 	Keypress: e
302.0368 	CRITICAL 	Final keypress: e
302.3024 	CRITICAL 	Stim: Nasty
302.9708 	DATA 	Keypress: i
302.9708 	CRITICAL 	Final keypress: i
303.2364 	CRITICAL 	Stim: bm14_nc.jpg
303.8213 	DATA 	Keypress: i
303.8214 	CRITICAL 	Final keypress: i
304.0870 	CRITICAL 	Stim: Humiliate
304.8054 	DATA 	Keypress: i
304.8055 	CRITICAL 	Final keypress: i
305.0711 	CRITICAL 	Stim: wf2_nc.jpg
305.7894 	DATA 	Keypress: e
305.7894 	CRITICAL 	Final keypress: e
306.0551 	CRITICAL 	Stim: wf3_nc.jpg
306.7234 	DATA 	Keypress: e
306.7235 	CRITICAL 	Final keypress: e
306.9891 	CRITICAL 	Stim: bf56_nc.jpg
307.6240 	DATA 	Keypress: i
307.6241 	CRITICAL 	Final keypress: i
307.8898 	CRITICAL 	Stim: Awful
308.5081 	DATA 	Keypress: i
308.5082 	CRITICAL 	Final keypress: i
308.7738 	CRITICAL 	Stim: wf6_nc.jpg
309.5087 	DATA 	Keypress: e
309.5088 	CRITICAL 	Final keypress: e
309.7745 	CRITICAL 	Stim: bf56_nc.jpg
310.6095 	DATA 	Keypress: i
310.6096 	CRITICAL 	Final keypress: i
310.8753 	CRITICAL 	Stim: Joyful
311.9106 	DATA 	Keypress: e
311.9107 	CRITICAL 	Final keypress: e
312.1762 	CRITICAL 	Stim: bf14_nc.jpg
312.7778 	DATA 	Keypress: i
312.7779 	CRITICAL 	Final keypress: i
313.0435 	CRITICAL 	Stim: Nasty
313.6619 	DATA 	Keypress: i
313.6619 	CRITICAL 	Final keypress: i
313.9275 	CRITICAL 	Stim: Horrible
314.4958 	DATA 	Keypress: i
314.4959 	CRITICAL 	Final keypress: i
314.7614 	CRITICAL 	Stim: wf3_nc.jpg
315.4130 	DATA 	Keypress: e
315.4131 	CRITICAL 	Final keypress: e
315.6788 	CRITICAL 	Stim: bf23_nc.jpg
316.3304 	DATA 	Keypress: i
316.3305 	CRITICAL 	Final keypress: i
316.5961 	CRITICAL 	Stim: Agony
317.6147 	DATA 	Keypress: i
317.6148 	CRITICAL 	Final keypress: i
317.8804 	CRITICAL 	Stim: wm6_nc.jpg
318.7321 	DATA 	Keypress: e
318.7322 	CRITICAL 	Final keypress: e
318.9978 	CRITICAL 	Stim: Superb
320.1166 	DATA 	Keypress: e
320.1166 	CRITICAL 	Final keypress: e
320.3822 	CRITICAL 	Stim: Pleasure
321.0673 	DATA 	Keypress: e
321.0673 	CRITICAL 	Final keypress: e
321.3329 	CRITICAL 	Stim: bm56_nc.jpg
321.9011 	DATA 	Keypress: i
321.9012 	CRITICAL 	Final keypress: i
322.1668 	CRITICAL 	Stim: Marvelous
322.8185 	DATA 	Keypress: e
322.8186 	CRITICAL 	Final keypress: e
323.0841 	CRITICAL 	Stim: wm1_nc.jpg
323.7858 	DATA 	Keypress: e
323.7859 	CRITICAL 	Final keypress: e
324.0515 	CRITICAL 	Stim: wf6_nc.jpg
324.5530 	DATA 	Keypress: e
324.5531 	CRITICAL 	Final keypress: e
324.8188 	CRITICAL 	***Block 5 Instructions***
333.0247 	DATA 	Keypress: space
333.0247 	CRITICAL 	***Block 5 Experiment***
333.0248 	CRITICAL 	Stim: bf14_nc.jpg
334.0592 	DATA 	Keypress: e
334.0593 	CRITICAL 	Final keypress: e
334.3257 	CRITICAL 	Stim: wf6_nc.jpg
334.8932 	DATA 	Keypress: i
334.8932 	CRITICAL 	Final keypress: i
335.1596 	CRITICAL 	Stim: wm1_nc.jpg
335.7271 	DATA 	Keypress: i
335.7272 	CRITICAL 	Final keypress: i
335.9935 	CRITICAL 	Stim: bm56_nc.jpg
336.4943 	DATA 	Keypress: e
336.4944 	CRITICAL 	Final keypress: e
336.7608 	CRITICAL 	Stim: wf6_nc.jpg
337.2949 	DATA 	Keypress: i
337.2950 	CRITICAL 	Final keypress: i
337.5613 	CRITICAL 	Stim: bm23_nc.jpg
338.1455 	DATA 	Keypress: e
338.1456 	CRITICAL 	Final keypress: e
338.4120 	CRITICAL 	Stim: bm14_nc.jpg
338.9461 	DATA 	Keypress: e
338.9462 	CRITICAL 	Final keypress: e
339.2125 	CRITICAL 	Stim: bm23_nc.jpg
339.7300 	DATA 	Keypress: e
339.7301 	CRITICAL 	Final keypress: e
339.9964 	CRITICAL 	Stim: wf3_nc.jpg
340.4806 	DATA 	Keypress: i
340.4806 	CRITICAL 	Final keypress: i
340.7470 	CRITICAL 	Stim: wf2_nc.jpg
341.3479 	DATA 	Keypress: i
341.3480 	CRITICAL 	Final keypress: i
341.6143 	CRITICAL 	Stim: bm14_nc.jpg
342.1484 	DATA 	Keypress: e
342.1485 	CRITICAL 	Final keypress: e
342.4149 	CRITICAL 	Stim: wm4_nc.jpg
342.9657 	DATA 	Keypress: i
342.9658 	CRITICAL 	Final keypress: i
343.2321 	CRITICAL 	Stim: wm6_nc.jpg
343.7829 	DATA 	Keypress: i
343.7830 	CRITICAL 	Final keypress: i
344.0494 	CRITICAL 	Stim: bf56_nc.jpg
344.5835 	DATA 	Keypress: e
344.5836 	CRITICAL 	Final keypress: e
344.6669 	DATA 	Keypress: i
344.8500 	CRITICAL 	Stim: bf23_nc.jpg
346.0179 	DATA 	Keypress: e
346.0180 	CRITICAL 	Final keypress: e
346.2843 	CRITICAL 	Stim: bm56_nc.jpg
346.8352 	DATA 	Keypress: e
346.8353 	CRITICAL 	Final keypress: e
347.1016 	CRITICAL 	Stim: wf3_nc.jpg
347.6858 	DATA 	Keypress: i
347.6859 	CRITICAL 	Final keypress: i
347.9522 	CRITICAL 	Stim: wm6_nc.jpg
348.9033 	DATA 	Keypress: i
348.9034 	CRITICAL 	Final keypress: i
349.1698 	CRITICAL 	Stim: wm1_nc.jpg
349.8374 	DATA 	Keypress: i
349.8374 	CRITICAL 	Final keypress: i
350.1038 	CRITICAL 	Stim: bf14_nc.jpg
350.7046 	DATA 	Keypress: e
350.7047 	CRITICAL 	Final keypress: e
350.9711 	CRITICAL 	***Block 6 Instructions***
358.5266 	DATA 	Keypress: space
358.5266 	CRITICAL 	***Block 6 Experiment***
358.5267 	CRITICAL 	Stim: bf23_nc.jpg
359.6618 	DATA 	Keypress: e
359.6619 	CRITICAL 	Final keypress: e
359.9277 	CRITICAL 	Stim: Terrible
360.8462 	DATA 	Keypress: i
360.8462 	CRITICAL 	Final keypress: i
361.1118 	CRITICAL 	Stim: wm4_nc.jpg
362.3805 	DATA 	Keypress: i
362.3806 	CRITICAL 	Final keypress: i
362.6462 	CRITICAL 	Stim: Painful
363.4147 	DATA 	Keypress: i
363.4148 	CRITICAL 	Final keypress: i
363.6803 	CRITICAL 	Stim: bm56_nc.jpg
364.5154 	DATA 	Keypress: e
364.5155 	CRITICAL 	Final keypress: e
364.7811 	CRITICAL 	Stim: Humiliate
365.5162 	DATA 	Keypress: i
365.5163 	CRITICAL 	Final keypress: i
365.7818 	CRITICAL 	Stim: bf56_nc.jpg
366.7336 	DATA 	Keypress: e
366.7337 	CRITICAL 	Final keypress: e
366.9994 	CRITICAL 	Stim: Joyful
367.9180 	DATA 	Keypress: i
368.8019 	DATA 	Keypress: e
368.8020 	CRITICAL 	Final keypress: e
369.0676 	CRITICAL 	Stim: wm1_nc.jpg
370.0861 	DATA 	Keypress: i
370.0862 	CRITICAL 	Final keypress: i
370.3518 	CRITICAL 	Stim: bm23_nc.jpg
371.3370 	DATA 	Keypress: e
371.3371 	CRITICAL 	Final keypress: e
371.6027 	CRITICAL 	Stim: Beautiful
372.4213 	DATA 	Keypress: e
372.4214 	CRITICAL 	Final keypress: e
372.6869 	CRITICAL 	Stim: Nasty
373.4386 	DATA 	Keypress: i
373.4387 	CRITICAL 	Final keypress: i
373.7043 	CRITICAL 	Stim: wm6_nc.jpg
374.3392 	DATA 	Keypress: i
374.3393 	CRITICAL 	Final keypress: i
374.6049 	CRITICAL 	Stim: wf3_nc.jpg
375.2232 	DATA 	Keypress: i
375.2232 	CRITICAL 	Final keypress: i
375.4889 	CRITICAL 	Stim: Marvelous
376.1072 	DATA 	Keypress: i
376.8244 	DATA 	Keypress: e
376.8245 	CRITICAL 	Final keypress: e
377.0901 	CRITICAL 	Stim: bf14_nc.jpg
378.0085 	DATA 	Keypress: e
378.0086 	CRITICAL 	Final keypress: e
378.2743 	CRITICAL 	Stim: Tragic
379.5097 	DATA 	Keypress: i
379.5098 	CRITICAL 	Final keypress: i
379.7753 	CRITICAL 	Stim: wf6_nc.jpg
380.3435 	DATA 	Keypress: i
380.3436 	CRITICAL 	Final keypress: i
380.6093 	CRITICAL 	Stim: Wonderful
382.0449 	DATA 	Keypress: e
382.0450 	CRITICAL 	Final keypress: e
382.3105 	CRITICAL 	Stim: Lovely
383.6961 	DATA 	Keypress: e
383.6962 	CRITICAL 	Final keypress: e
383.9617 	CRITICAL 	***Block 7 Instructions***
389.4490 	DATA 	Keypress: space
389.4491 	CRITICAL 	***Block 7 Experiment***
389.4491 	CRITICAL 	Stim: Joyful
391.7186 	DATA 	Keypress: e
391.7186 	CRITICAL 	Final keypress: e
391.9843 	CRITICAL 	Stim: wm6_nc.jpg
392.7359 	DATA 	Keypress: i
392.7360 	CRITICAL 	Final keypress: i
393.0016 	CRITICAL 	Stim: bf14_nc.jpg
393.7866 	DATA 	Keypress: e
393.7867 	CRITICAL 	Final keypress: e
394.0524 	CRITICAL 	Stim: Superb
394.7041 	DATA 	Keypress: e
394.7042 	CRITICAL 	Final keypress: e
394.9697 	CRITICAL 	Stim: bm23_nc.jpg
395.5879 	DATA 	Keypress: e
395.5880 	CRITICAL 	Final keypress: e
395.8537 	CRITICAL 	Stim: wm4_nc.jpg
396.4219 	DATA 	Keypress: i
396.4220 	CRITICAL 	Final keypress: i
396.6876 	CRITICAL 	Stim: wf2_nc.jpg
397.2225 	DATA 	Keypress: i
397.2226 	CRITICAL 	Final keypress: i
397.4882 	CRITICAL 	Stim: Tragic
397.9898 	DATA 	Keypress: i
397.9899 	CRITICAL 	Final keypress: i
398.2554 	CRITICAL 	Stim: bm14_nc.jpg
398.8237 	DATA 	Keypress: e
398.8238 	CRITICAL 	Final keypress: e
399.0894 	CRITICAL 	Stim: wf2_nc.jpg
399.6909 	DATA 	Keypress: e
400.1579 	DATA 	Keypress: i
400.1580 	CRITICAL 	Final keypress: i
400.4237 	CRITICAL 	Stim: Nasty
401.7592 	DATA 	Keypress: i
401.7593 	CRITICAL 	Final keypress: i
402.0248 	CRITICAL 	Stim: wm4_nc.jpg
402.5764 	DATA 	Keypress: i
402.5765 	CRITICAL 	Final keypress: i
402.8421 	CRITICAL 	Stim: Glorious
403.8941 	DATA 	Keypress: e
403.8942 	CRITICAL 	Final keypress: e
404.1597 	CRITICAL 	Stim: bm56_nc.jpg
404.7779 	DATA 	Keypress: e
404.7780 	CRITICAL 	Final keypress: e
405.0437 	CRITICAL 	Stim: wm6_nc.jpg
405.7286 	DATA 	Keypress: i
405.7287 	CRITICAL 	Final keypress: i
405.9944 	CRITICAL 	Stim: Glorious
406.8463 	DATA 	Keypress: i
407.3299 	DATA 	Keypress: e
407.3300 	CRITICAL 	Final keypress: e
407.5956 	CRITICAL 	Stim: bm14_nc.jpg
408.3973 	DATA 	Keypress: i
409.0644 	DATA 	Keypress: e
409.0645 	CRITICAL 	Final keypress: e
409.3302 	CRITICAL 	Stim: Awful
411.1827 	DATA 	Keypress: i
411.1828 	CRITICAL 	Final keypress: i
411.4483 	CRITICAL 	Stim: Beautiful
412.0667 	DATA 	Keypress: e
412.0668 	CRITICAL 	Final keypress: e
412.3323 	CRITICAL 	Stim: Wonderful
413.0507 	DATA 	Keypress: e
413.0508 	CRITICAL 	Final keypress: e
413.3164 	CRITICAL 	Stim: Horrible
414.0014 	DATA 	Keypress: i
414.0015 	CRITICAL 	Final keypress: i
414.2671 	CRITICAL 	Stim: Terrible
414.8354 	DATA 	Keypress: i
414.8355 	CRITICAL 	Final keypress: i
415.1010 	CRITICAL 	Stim: bm56_nc.jpg
415.9027 	DATA 	Keypress: e
415.9028 	CRITICAL 	Final keypress: e
416.1685 	CRITICAL 	Stim: bf56_nc.jpg
416.8200 	DATA 	Keypress: e
416.8201 	CRITICAL 	Final keypress: e
417.0858 	CRITICAL 	Stim: Pleasure
417.9210 	DATA 	Keypress: i
418.6214 	DATA 	Keypress: e
418.6215 	CRITICAL 	Final keypress: e
418.8871 	CRITICAL 	Stim: Lovely
419.3887 	DATA 	Keypress: e
419.3888 	CRITICAL 	Final keypress: e
419.6543 	CRITICAL 	Stim: bm23_nc.jpg
420.3893 	DATA 	Keypress: e
420.3894 	CRITICAL 	Final keypress: e
420.6550 	CRITICAL 	Stim: wf6_nc.jpg
421.2900 	DATA 	Keypress: i
421.2901 	CRITICAL 	Final keypress: i
421.5557 	CRITICAL 	Stim: Nasty
422.0573 	DATA 	Keypress: i
422.0574 	CRITICAL 	Final keypress: i
422.3229 	CRITICAL 	Stim: bf56_nc.jpg
422.9912 	DATA 	Keypress: e
422.9913 	CRITICAL 	Final keypress: e
423.2569 	CRITICAL 	Stim: Humiliate
423.9086 	DATA 	Keypress: i
423.9087 	CRITICAL 	Final keypress: i
424.1743 	CRITICAL 	Stim: bf23_nc.jpg
424.8425 	DATA 	Keypress: e
424.8426 	CRITICAL 	Final keypress: e
425.1083 	CRITICAL 	Stim: Horrible
426.2770 	DATA 	Keypress: i
426.2771 	CRITICAL 	Final keypress: i
426.5426 	CRITICAL 	Stim: wf3_nc.jpg
427.2109 	DATA 	Keypress: i
427.2110 	CRITICAL 	Final keypress: i
427.4767 	CRITICAL 	Stim: Superb
428.2618 	DATA 	Keypress: e
428.2619 	CRITICAL 	Final keypress: e
428.5274 	CRITICAL 	Stim: wf3_nc.jpg
429.2791 	DATA 	Keypress: i
429.2792 	CRITICAL 	Final keypress: i
429.5448 	CRITICAL 	Stim: Joyful
431.4808 	DATA 	Keypress: i
432.1813 	DATA 	Keypress: e
432.1814 	CRITICAL 	Final keypress: e
432.4470 	CRITICAL 	Stim: wf6_nc.jpg
433.2320 	DATA 	Keypress: i
433.2321 	CRITICAL 	Final keypress: i
433.4977 	CRITICAL 	Stim: Painful
434.1828 	DATA 	Keypress: e
435.2669 	DATA 	Keypress: i
435.2670 	CRITICAL 	Final keypress: i
435.5325 	CRITICAL 	Stim: Terrible
436.1509 	DATA 	Keypress: i
436.1510 	CRITICAL 	Final keypress: i
436.4165 	DATA 	***End of Run***
443.8219 	DATA 	Keypress: escape
