11.2629 	WARNING 	User requested fullscreen with size [800 600], but screen is actually [1680, 1050]. Using actual size
1.4947 	CRITICAL 	***Begin Experiment***
1.4948 	CRITICAL 	***Randomization: white_1st***
1.4948 	CRITICAL 	***Block 1 Instructions***
34.8251 	DATA 	Keypress: space
47.4845 	DATA 	Keypress: space
47.4845 	CRITICAL 	***Block 1 Experiment***
47.4846 	CRITICAL 	Stim: bf23_nc.jpg
49.1028 	DATA 	Keypress: i
49.1028 	CRITICAL 	Final keypress: i
49.3695 	CRITICAL 	Stim: wm4_nc.jpg
49.9701 	DATA 	Keypress: e
49.9702 	CRITICAL 	Final keypress: e
50.2365 	CRITICAL 	Stim: wf2_nc.jpg
50.9375 	DATA 	Keypress: e
50.9376 	CRITICAL 	Final keypress: e
51.2040 	CRITICAL 	Stim: bm56_nc.jpg
51.9384 	DATA 	Keypress: i
51.9385 	CRITICAL 	Final keypress: i
52.2046 	CRITICAL 	Stim: wm6_nc.jpg
52.8889 	DATA 	Keypress: e
52.8890 	CRITICAL 	Final keypress: e
53.1553 	CRITICAL 	Stim: wf2_nc.jpg
53.9063 	DATA 	Keypress: e
53.9064 	CRITICAL 	Final keypress: e
54.1728 	CRITICAL 	Stim: bm56_nc.jpg
54.8570 	DATA 	Keypress: i
54.8571 	CRITICAL 	Final keypress: i
55.1235 	CRITICAL 	Stim: wm6_nc.jpg
55.8578 	DATA 	Keypress: e
55.8578 	CRITICAL 	Final keypress: e
56.1242 	CRITICAL 	Stim: bm23_nc.jpg
56.7417 	DATA 	Keypress: i
56.7418 	CRITICAL 	Final keypress: i
57.0082 	CRITICAL 	Stim: bf56_nc.jpg
57.6424 	DATA 	Keypress: i
57.6425 	CRITICAL 	Final keypress: i
57.9088 	CRITICAL 	Stim: wf6_nc.jpg
58.6098 	DATA 	Keypress: e
58.6099 	CRITICAL 	Final keypress: e
58.8762 	CRITICAL 	Stim: wm4_nc.jpg
59.4771 	DATA 	Keypress: e
59.4772 	CRITICAL 	Final keypress: e
59.7435 	CRITICAL 	Stim: wf6_nc.jpg
60.3277 	DATA 	Keypress: e
60.3278 	CRITICAL 	Final keypress: e
60.5942 	CRITICAL 	Stim: wm1_nc.jpg
61.2617 	DATA 	Keypress: e
61.2618 	CRITICAL 	Final keypress: e
61.5282 	CRITICAL 	Stim: bf14_nc.jpg
62.1457 	DATA 	Keypress: i
62.1458 	CRITICAL 	Final keypress: i
62.4122 	CRITICAL 	Stim: bm14_nc.jpg
62.9296 	DATA 	Keypress: i
62.9297 	CRITICAL 	Final keypress: i
63.1961 	CRITICAL 	Stim: bm23_nc.jpg
63.7302 	DATA 	Keypress: i
63.7303 	CRITICAL 	Final keypress: i
63.9967 	CRITICAL 	Stim: bf23_nc.jpg
64.5308 	DATA 	Keypress: i
64.5309 	CRITICAL 	Final keypress: i
64.7973 	CRITICAL 	Stim: wm1_nc.jpg
65.4815 	DATA 	Keypress: e
65.4816 	CRITICAL 	Final keypress: e
65.7480 	CRITICAL 	Stim: bm14_nc.jpg
66.3155 	DATA 	Keypress: i
66.3156 	CRITICAL 	Final keypress: i
66.5820 	CRITICAL 	***Block 2 Instructions***
74.3710 	DATA 	Keypress: space
74.3711 	CRITICAL 	***Block 2 Experiment***
74.3711 	CRITICAL 	Stim: Terrible
75.4557 	DATA 	Keypress: i
75.4558 	CRITICAL 	Final keypress: i
75.7221 	CRITICAL 	Stim: Nasty
76.3063 	DATA 	Keypress: i
76.3064 	CRITICAL 	Final keypress: i
76.5726 	CRITICAL 	Stim: Glorious
77.1736 	DATA 	Keypress: e
77.1737 	CRITICAL 	Final keypress: e
77.4399 	CRITICAL 	Stim: Lovely
77.9075 	DATA 	Keypress: e
77.9076 	CRITICAL 	Final keypress: e
78.1738 	CRITICAL 	Stim: Horrible
78.8248 	DATA 	Keypress: i
78.8249 	CRITICAL 	Final keypress: i
79.0912 	CRITICAL 	Stim: Lovely
79.7088 	DATA 	Keypress: e
79.7089 	CRITICAL 	Final keypress: e
79.9751 	CRITICAL 	Stim: Humiliate
80.7264 	DATA 	Keypress: i
80.7265 	CRITICAL 	Final keypress: i
80.9926 	CRITICAL 	Stim: Painful
81.5935 	DATA 	Keypress: i
81.5936 	CRITICAL 	Final keypress: i
81.8599 	CRITICAL 	Stim: Humiliate
82.5442 	DATA 	Keypress: i
82.5443 	CRITICAL 	Final keypress: i
82.8106 	CRITICAL 	Stim: Wonderful
83.3615 	DATA 	Keypress: e
83.3616 	CRITICAL 	Final keypress: e
83.6279 	CRITICAL 	Stim: Agony
84.3289 	DATA 	Keypress: i
84.3290 	CRITICAL 	Final keypress: i
84.5952 	CRITICAL 	Stim: Tragic
85.0628 	DATA 	Keypress: i
85.0629 	CRITICAL 	Final keypress: i
85.3291 	CRITICAL 	Stim: Horrible
85.8467 	DATA 	Keypress: i
85.8468 	CRITICAL 	Final keypress: i
86.1130 	CRITICAL 	Stim: Superb
86.7307 	DATA 	Keypress: e
86.7307 	CRITICAL 	Final keypress: e
86.9970 	CRITICAL 	Stim: Joyful
87.7981 	DATA 	Keypress: e
87.7982 	CRITICAL 	Final keypress: e
88.0645 	CRITICAL 	Stim: Agony
88.8489 	DATA 	Keypress: i
88.8490 	CRITICAL 	Final keypress: i
89.1152 	CRITICAL 	Stim: Marvelous
89.6996 	DATA 	Keypress: e
89.6996 	CRITICAL 	Final keypress: e
89.9659 	CRITICAL 	Stim: Beautiful
90.6335 	DATA 	Keypress: e
90.6336 	CRITICAL 	Final keypress: e
90.8999 	CRITICAL 	Stim: Superb
91.9679 	DATA 	Keypress: e
91.9679 	CRITICAL 	Final keypress: e
92.2342 	CRITICAL 	Stim: Joyful
93.0687 	DATA 	Keypress: e
93.0688 	CRITICAL 	Final keypress: e
93.3350 	CRITICAL 	***Block 3 Instructions***
111.5318 	DATA 	Keypress: space
111.5319 	CRITICAL 	***Block 3 Experiment***
111.5319 	CRITICAL 	Stim: Glorious
112.2668 	DATA 	Keypress: e
112.2669 	CRITICAL 	Final keypress: e
112.5326 	CRITICAL 	Stim: Beautiful
113.1008 	DATA 	Keypress: e
113.1009 	CRITICAL 	Final keypress: e
113.3665 	CRITICAL 	Stim: Joyful
113.9014 	DATA 	Keypress: e
113.9015 	CRITICAL 	Final keypress: e
114.1671 	CRITICAL 	Stim: wf2_nc.jpg
114.8353 	DATA 	Keypress: e
114.8354 	CRITICAL 	Final keypress: e
115.1011 	CRITICAL 	Stim: bm23_nc.jpg
115.7696 	DATA 	Keypress: i
115.7697 	CRITICAL 	Final keypress: i
116.0351 	CRITICAL 	Stim: bm56_nc.jpg
116.5866 	DATA 	Keypress: i
116.5867 	CRITICAL 	Final keypress: i
116.8524 	CRITICAL 	Stim: Horrible
117.4374 	DATA 	Keypress: i
117.4375 	CRITICAL 	Final keypress: i
117.7030 	CRITICAL 	Stim: Marvelous
118.3214 	DATA 	Keypress: e
118.3215 	CRITICAL 	Final keypress: e
118.5870 	CRITICAL 	Stim: bf14_nc.jpg
119.2553 	DATA 	Keypress: i
119.2553 	CRITICAL 	Final keypress: i
119.5210 	CRITICAL 	Stim: Awful
120.1060 	DATA 	Keypress: i
120.1061 	CRITICAL 	Final keypress: i
120.3716 	CRITICAL 	Stim: Agony
121.0067 	DATA 	Keypress: i
121.0068 	CRITICAL 	Final keypress: i
121.2723 	CRITICAL 	Stim: bf23_nc.jpg
121.9409 	DATA 	Keypress: i
121.9409 	CRITICAL 	Final keypress: i
122.2063 	CRITICAL 	Stim: bm14_nc.jpg
122.8246 	DATA 	Keypress: i
122.8246 	CRITICAL 	Final keypress: i
123.0903 	CRITICAL 	Stim: wm4_nc.jpg
123.6919 	DATA 	Keypress: e
123.6920 	CRITICAL 	Final keypress: e
123.9576 	CRITICAL 	Stim: wf3_nc.jpg
124.5926 	DATA 	Keypress: e
124.5927 	CRITICAL 	Final keypress: e
124.8583 	CRITICAL 	Stim: Wonderful
125.4766 	DATA 	Keypress: e
125.4767 	CRITICAL 	Final keypress: e
125.7423 	CRITICAL 	Stim: Terrible
126.3606 	DATA 	Keypress: i
126.3607 	CRITICAL 	Final keypress: i
126.6263 	CRITICAL 	Stim: Tragic
127.2446 	DATA 	Keypress: i
127.2447 	CRITICAL 	Final keypress: i
127.5102 	CRITICAL 	Stim: wf6_nc.jpg
128.1287 	DATA 	Keypress: e
128.1288 	CRITICAL 	Final keypress: e
128.3943 	CRITICAL 	Stim: wm6_nc.jpg
129.0125 	DATA 	Keypress: e
129.0126 	CRITICAL 	Final keypress: e
129.2783 	CRITICAL 	***Block 4 Instructions***
136.3668 	DATA 	Keypress: space
136.3668 	CRITICAL 	***Block 4 Experiment***
136.3669 	CRITICAL 	Stim: Lovely
137.1186 	DATA 	Keypress: e
137.1187 	CRITICAL 	Final keypress: e
137.3843 	CRITICAL 	Stim: Horrible
137.9692 	DATA 	Keypress: i
137.9693 	CRITICAL 	Final keypress: i
138.2348 	CRITICAL 	Stim: bf14_nc.jpg
138.9198 	DATA 	Keypress: i
138.9199 	CRITICAL 	Final keypress: i
139.1855 	CRITICAL 	Stim: Painful
139.9039 	DATA 	Keypress: i
139.9040 	CRITICAL 	Final keypress: i
140.1696 	CRITICAL 	Stim: Glorious
140.7880 	DATA 	Keypress: e
140.7881 	CRITICAL 	Final keypress: e
141.0536 	CRITICAL 	Stim: Superb
141.5552 	DATA 	Keypress: e
141.5552 	CRITICAL 	Final keypress: e
141.8208 	CRITICAL 	Stim: bm14_nc.jpg
142.6726 	DATA 	Keypress: i
142.6727 	CRITICAL 	Final keypress: i
142.9383 	CRITICAL 	Stim: wf2_nc.jpg
143.5735 	DATA 	Keypress: e
143.5736 	CRITICAL 	Final keypress: e
143.8390 	CRITICAL 	Stim: Humiliate
144.5073 	DATA 	Keypress: i
144.5074 	CRITICAL 	Final keypress: i
144.7730 	CRITICAL 	Stim: bm56_nc.jpg
145.7081 	DATA 	Keypress: e
146.3586 	DATA 	Keypress: i
146.3587 	CRITICAL 	Final keypress: i
146.6244 	CRITICAL 	Stim: Awful
147.3095 	DATA 	Keypress: i
147.3096 	CRITICAL 	Final keypress: i
147.5751 	CRITICAL 	Stim: wm4_nc.jpg
148.2600 	DATA 	Keypress: e
148.2601 	CRITICAL 	Final keypress: e
148.5258 	CRITICAL 	Stim: Beautiful
149.3276 	DATA 	Keypress: e
149.3276 	CRITICAL 	Final keypress: e
149.5932 	CRITICAL 	Stim: bm23_nc.jpg
150.2114 	DATA 	Keypress: i
150.2115 	CRITICAL 	Final keypress: i
150.4772 	CRITICAL 	Stim: Marvelous
151.1622 	DATA 	Keypress: e
151.1623 	CRITICAL 	Final keypress: e
151.4279 	CRITICAL 	Stim: Joyful
151.9795 	DATA 	Keypress: e
151.9796 	CRITICAL 	Final keypress: e
152.2452 	CRITICAL 	Stim: wm1_nc.jpg
152.9969 	DATA 	Keypress: e
152.9969 	CRITICAL 	Final keypress: e
153.2626 	CRITICAL 	Stim: Nasty
153.9643 	DATA 	Keypress: i
153.9644 	CRITICAL 	Final keypress: i
154.2300 	CRITICAL 	Stim: bm14_nc.jpg
154.8482 	DATA 	Keypress: i
154.8483 	CRITICAL 	Final keypress: i
155.1140 	CRITICAL 	Stim: Humiliate
155.7156 	DATA 	Keypress: i
155.7157 	CRITICAL 	Final keypress: i
155.9813 	CRITICAL 	Stim: wf2_nc.jpg
157.0499 	DATA 	Keypress: e
157.0499 	CRITICAL 	Final keypress: e
157.3156 	CRITICAL 	Stim: wf3_nc.jpg
157.9005 	DATA 	Keypress: e
157.9006 	CRITICAL 	Final keypress: e
158.1662 	CRITICAL 	Stim: bf56_nc.jpg
158.8678 	DATA 	Keypress: i
158.8679 	CRITICAL 	Final keypress: i
159.1336 	CRITICAL 	Stim: Awful
159.6518 	DATA 	Keypress: i
159.6519 	CRITICAL 	Final keypress: i
159.9175 	CRITICAL 	Stim: wf6_nc.jpg
160.5524 	DATA 	Keypress: e
160.5525 	CRITICAL 	Final keypress: e
160.8182 	CRITICAL 	Stim: bf56_nc.jpg
161.6032 	DATA 	Keypress: i
161.6033 	CRITICAL 	Final keypress: i
161.8689 	CRITICAL 	Stim: Joyful
162.5540 	DATA 	Keypress: e
162.5541 	CRITICAL 	Final keypress: e
162.8197 	CRITICAL 	Stim: bf14_nc.jpg
163.6214 	DATA 	Keypress: i
163.6214 	CRITICAL 	Final keypress: i
163.8871 	CRITICAL 	Stim: Nasty
164.4888 	DATA 	Keypress: i
164.4888 	CRITICAL 	Final keypress: i
164.7544 	CRITICAL 	Stim: Horrible
165.3060 	DATA 	Keypress: i
165.3061 	CRITICAL 	Final keypress: i
165.5717 	CRITICAL 	Stim: wf3_nc.jpg
166.2235 	DATA 	Keypress: e
166.2236 	CRITICAL 	Final keypress: e
166.4890 	CRITICAL 	Stim: bf23_nc.jpg
167.2576 	DATA 	Keypress: i
167.2577 	CRITICAL 	Final keypress: i
167.5231 	CRITICAL 	Stim: Agony
168.0414 	DATA 	Keypress: i
168.0415 	CRITICAL 	Final keypress: i
168.3070 	CRITICAL 	Stim: wm6_nc.jpg
168.9086 	DATA 	Keypress: e
168.9087 	CRITICAL 	Final keypress: e
169.1744 	CRITICAL 	Stim: Superb
169.7093 	DATA 	Keypress: e
169.7094 	CRITICAL 	Final keypress: e
169.9749 	CRITICAL 	Stim: Pleasure
170.5099 	DATA 	Keypress: e
170.5100 	CRITICAL 	Final keypress: e
170.7755 	CRITICAL 	Stim: bm56_nc.jpg
171.4605 	DATA 	Keypress: i
171.4606 	CRITICAL 	Final keypress: i
171.7262 	CRITICAL 	Stim: Marvelous
172.3948 	DATA 	Keypress: e
172.3949 	CRITICAL 	Final keypress: e
172.6603 	CRITICAL 	Stim: wm1_nc.jpg
173.3118 	DATA 	Keypress: e
173.3119 	CRITICAL 	Final keypress: e
173.5776 	CRITICAL 	Stim: wf6_nc.jpg
174.0457 	DATA 	Keypress: e
174.0458 	CRITICAL 	Final keypress: e
174.3115 	CRITICAL 	***Block 5 Instructions***
185.4697 	DATA 	Keypress: space
185.4698 	CRITICAL 	***Block 5 Experiment***
185.4698 	CRITICAL 	Stim: bf14_nc.jpg
186.1039 	DATA 	Keypress: e
186.1040 	CRITICAL 	Final keypress: e
186.3705 	CRITICAL 	Stim: wf6_nc.jpg
186.9212 	DATA 	Keypress: i
186.9213 	CRITICAL 	Final keypress: i
187.1877 	CRITICAL 	Stim: wm1_nc.jpg
187.6884 	DATA 	Keypress: i
187.6885 	CRITICAL 	Final keypress: i
187.9549 	CRITICAL 	Stim: bm56_nc.jpg
188.4891 	DATA 	Keypress: e
188.4892 	CRITICAL 	Final keypress: e
188.7555 	CRITICAL 	Stim: wf6_nc.jpg
189.2563 	DATA 	Keypress: i
189.2564 	CRITICAL 	Final keypress: i
189.5227 	CRITICAL 	Stim: bm23_nc.jpg
190.0235 	DATA 	Keypress: e
190.0236 	CRITICAL 	Final keypress: e
190.2899 	CRITICAL 	Stim: bm14_nc.jpg
190.9575 	DATA 	Keypress: e
190.9576 	CRITICAL 	Final keypress: e
191.2240 	CRITICAL 	Stim: bm23_nc.jpg
191.7081 	DATA 	Keypress: e
191.7082 	CRITICAL 	Final keypress: e
191.9745 	CRITICAL 	Stim: wf3_nc.jpg
192.4586 	DATA 	Keypress: i
192.4587 	CRITICAL 	Final keypress: i
192.7251 	CRITICAL 	Stim: wf2_nc.jpg
193.2592 	DATA 	Keypress: i
193.2593 	CRITICAL 	Final keypress: i
193.5257 	CRITICAL 	Stim: bm14_nc.jpg
194.0598 	DATA 	Keypress: e
194.0599 	CRITICAL 	Final keypress: e
194.3263 	CRITICAL 	Stim: wm4_nc.jpg
194.8771 	DATA 	Keypress: i
194.8772 	CRITICAL 	Final keypress: i
195.1435 	CRITICAL 	Stim: wm6_nc.jpg
196.1780 	DATA 	Keypress: i
196.1781 	CRITICAL 	Final keypress: i
196.4445 	CRITICAL 	Stim: bf56_nc.jpg
197.1621 	DATA 	Keypress: i
197.5791 	DATA 	Keypress: e
197.5791 	CRITICAL 	Final keypress: e
197.8455 	CRITICAL 	Stim: bf23_nc.jpg
198.3296 	DATA 	Keypress: e
198.3297 	CRITICAL 	Final keypress: e
198.5961 	CRITICAL 	Stim: bm56_nc.jpg
199.0969 	DATA 	Keypress: e
199.0969 	CRITICAL 	Final keypress: e
199.3633 	CRITICAL 	Stim: wf3_nc.jpg
199.9308 	DATA 	Keypress: i
199.9309 	CRITICAL 	Final keypress: i
200.1973 	CRITICAL 	Stim: wm6_nc.jpg
201.1484 	DATA 	Keypress: i
201.1485 	CRITICAL 	Final keypress: i
201.4148 	CRITICAL 	Stim: wm1_nc.jpg
202.2660 	DATA 	Keypress: i
202.2661 	CRITICAL 	Final keypress: i
202.5323 	CRITICAL 	Stim: bf14_nc.jpg
203.0665 	DATA 	Keypress: e
203.0666 	CRITICAL 	Final keypress: e
203.3330 	CRITICAL 	***Block 6 Instructions***
207.3359 	DATA 	Keypress: space
207.3359 	CRITICAL 	***Block 6 Experiment***
207.3360 	CRITICAL 	Stim: bf23_nc.jpg
208.0208 	DATA 	Keypress: e
208.0209 	CRITICAL 	Final keypress: e
208.2867 	CRITICAL 	Stim: Terrible
208.8215 	DATA 	Keypress: i
208.8216 	CRITICAL 	Final keypress: i
209.0872 	CRITICAL 	Stim: wm4_nc.jpg
209.7054 	DATA 	Keypress: i
209.7055 	CRITICAL 	Final keypress: i
209.9711 	CRITICAL 	Stim: Painful
210.7563 	DATA 	Keypress: i
210.7563 	CRITICAL 	Final keypress: i
211.0219 	CRITICAL 	Stim: bm56_nc.jpg
211.8403 	DATA 	Keypress: e
211.8404 	CRITICAL 	Final keypress: e
212.1061 	CRITICAL 	Stim: Humiliate
212.7244 	DATA 	Keypress: i
212.7245 	CRITICAL 	Final keypress: i
212.9901 	CRITICAL 	Stim: bf56_nc.jpg
213.7750 	DATA 	Keypress: e
213.7752 	CRITICAL 	Final keypress: e
214.0408 	CRITICAL 	Stim: Joyful
214.5924 	DATA 	Keypress: e
214.5925 	CRITICAL 	Final keypress: e
214.8581 	CRITICAL 	Stim: wm1_nc.jpg
215.5764 	DATA 	Keypress: i
215.5765 	CRITICAL 	Final keypress: i
215.8421 	CRITICAL 	Stim: bm23_nc.jpg
216.6105 	DATA 	Keypress: e
216.6106 	CRITICAL 	Final keypress: e
216.8762 	CRITICAL 	Stim: Beautiful
217.3945 	DATA 	Keypress: e
217.3946 	CRITICAL 	Final keypress: e
217.6602 	CRITICAL 	Stim: Nasty
218.1617 	DATA 	Keypress: e
220.8471 	DATA 	Keypress: i
220.8471 	CRITICAL 	Final keypress: i
221.1127 	CRITICAL 	Stim: wm6_nc.jpg
221.7811 	DATA 	Keypress: i
221.7812 	CRITICAL 	Final keypress: i
222.0467 	CRITICAL 	Stim: wf3_nc.jpg
223.2154 	DATA 	Keypress: i
223.2155 	CRITICAL 	Final keypress: i
223.4811 	CRITICAL 	Stim: Marvelous
224.1662 	DATA 	Keypress: e
224.1662 	CRITICAL 	Final keypress: e
224.4318 	CRITICAL 	Stim: bf14_nc.jpg
225.5671 	DATA 	Keypress: e
225.5672 	CRITICAL 	Final keypress: e
225.8328 	CRITICAL 	Stim: Tragic
226.5846 	DATA 	Keypress: i
226.5847 	CRITICAL 	Final keypress: i
226.8503 	CRITICAL 	Stim: wf6_nc.jpg
227.5186 	DATA 	Keypress: i
227.5187 	CRITICAL 	Final keypress: i
227.8105 	CRITICAL 	Stim: Wonderful
228.3359 	DATA 	Keypress: i
228.8196 	DATA 	Keypress: e
228.8197 	CRITICAL 	Final keypress: e
229.0853 	CRITICAL 	Stim: Lovely
229.9037 	DATA 	Keypress: e
229.9038 	CRITICAL 	Final keypress: e
230.1694 	CRITICAL 	***Block 7 Instructions***
239.8932 	DATA 	Keypress: space
239.8933 	CRITICAL 	***Block 7 Experiment***
239.8933 	CRITICAL 	Stim: Joyful
241.9960 	DATA 	Keypress: e
241.9961 	CRITICAL 	Final keypress: e
242.2617 	CRITICAL 	Stim: wm6_nc.jpg
243.0467 	DATA 	Keypress: i
243.0467 	CRITICAL 	Final keypress: i
243.3124 	CRITICAL 	Stim: bf14_nc.jpg
243.9640 	DATA 	Keypress: e
243.9641 	CRITICAL 	Final keypress: e
244.2298 	CRITICAL 	Stim: Superb
245.4319 	DATA 	Keypress: e
245.4320 	CRITICAL 	Final keypress: e
245.6975 	CRITICAL 	Stim: bm23_nc.jpg
246.3991 	DATA 	Keypress: e
246.3992 	CRITICAL 	Final keypress: e
246.6649 	CRITICAL 	Stim: wm4_nc.jpg
247.3165 	DATA 	Keypress: i
247.3166 	CRITICAL 	Final keypress: i
247.5823 	CRITICAL 	Stim: wf2_nc.jpg
248.2673 	DATA 	Keypress: i
248.2674 	CRITICAL 	Final keypress: i
248.5330 	CRITICAL 	Stim: Tragic
249.1680 	DATA 	Keypress: i
249.1680 	CRITICAL 	Final keypress: i
249.4336 	CRITICAL 	Stim: bm14_nc.jpg
250.1686 	DATA 	Keypress: e
250.1687 	CRITICAL 	Final keypress: e
250.4344 	CRITICAL 	Stim: wf2_nc.jpg
251.1360 	DATA 	Keypress: i
251.1361 	CRITICAL 	Final keypress: i
251.4018 	CRITICAL 	Stim: Nasty
252.6372 	DATA 	Keypress: i
252.6373 	CRITICAL 	Final keypress: i
252.9028 	CRITICAL 	Stim: wm4_nc.jpg
253.7045 	DATA 	Keypress: i
253.7046 	CRITICAL 	Final keypress: i
253.9703 	CRITICAL 	Stim: Glorious
255.2224 	DATA 	Keypress: e
255.2225 	CRITICAL 	Final keypress: e
255.4881 	CRITICAL 	Stim: bm56_nc.jpg
255.9562 	DATA 	Keypress: e
255.9563 	CRITICAL 	Final keypress: e
256.2220 	CRITICAL 	Stim: wm6_nc.jpg
257.0403 	DATA 	Keypress: i
257.0404 	CRITICAL 	Final keypress: i
257.3061 	CRITICAL 	Stim: Glorious
257.9578 	DATA 	Keypress: e
257.9579 	CRITICAL 	Final keypress: e
258.2234 	CRITICAL 	Stim: bm14_nc.jpg
258.9751 	DATA 	Keypress: e
258.9752 	CRITICAL 	Final keypress: e
259.2409 	CRITICAL 	Stim: Awful
260.1094 	DATA 	Keypress: i
260.1094 	CRITICAL 	Final keypress: i
260.3750 	CRITICAL 	Stim: Beautiful
261.0268 	DATA 	Keypress: e
261.0268 	CRITICAL 	Final keypress: e
261.2924 	CRITICAL 	Stim: Wonderful
262.0942 	DATA 	Keypress: e
262.0943 	CRITICAL 	Final keypress: e
262.3598 	CRITICAL 	Stim: Horrible
263.4618 	DATA 	Keypress: i
263.4619 	CRITICAL 	Final keypress: i
263.7275 	CRITICAL 	Stim: Terrible
264.3125 	DATA 	Keypress: i
264.3126 	CRITICAL 	Final keypress: i
264.5781 	CRITICAL 	Stim: bm56_nc.jpg
265.3131 	DATA 	Keypress: e
265.3132 	CRITICAL 	Final keypress: e
265.5789 	CRITICAL 	Stim: bf56_nc.jpg
266.2805 	DATA 	Keypress: e
266.2806 	CRITICAL 	Final keypress: e
266.5462 	CRITICAL 	Stim: Pleasure
267.2814 	DATA 	Keypress: i
267.8317 	DATA 	Keypress: e
267.8318 	CRITICAL 	Final keypress: e
268.0974 	CRITICAL 	Stim: Lovely
269.4496 	DATA 	Keypress: e
269.4497 	CRITICAL 	Final keypress: e
269.7152 	CRITICAL 	Stim: bm23_nc.jpg
270.9006 	DATA 	Keypress: e
270.9007 	CRITICAL 	Final keypress: e
271.1663 	CRITICAL 	Stim: wf6_nc.jpg
271.8013 	DATA 	Keypress: i
271.8013 	CRITICAL 	Final keypress: i
272.0670 	CRITICAL 	Stim: Nasty
272.8021 	DATA 	Keypress: i
272.8022 	CRITICAL 	Final keypress: i
273.0677 	CRITICAL 	Stim: bf56_nc.jpg
274.2030 	DATA 	Keypress: e
274.2031 	CRITICAL 	Final keypress: e
274.4688 	CRITICAL 	Stim: Humiliate
275.4707 	DATA 	Keypress: i
275.4708 	CRITICAL 	Final keypress: i
275.7364 	CRITICAL 	Stim: bf23_nc.jpg
276.9884 	DATA 	Keypress: e
276.9885 	CRITICAL 	Final keypress: e
277.2541 	CRITICAL 	Stim: Horrible
277.8558 	DATA 	Keypress: e
278.5730 	DATA 	Keypress: i
278.5731 	CRITICAL 	Final keypress: i
278.8387 	CRITICAL 	Stim: wf3_nc.jpg
279.7905 	DATA 	Keypress: i
279.7906 	CRITICAL 	Final keypress: i
280.0562 	CRITICAL 	Stim: Superb
281.9922 	DATA 	Keypress: e
281.9923 	CRITICAL 	Final keypress: e
282.2579 	CRITICAL 	Stim: wf3_nc.jpg
283.5432 	DATA 	Keypress: i
283.5433 	CRITICAL 	Final keypress: i
283.8090 	CRITICAL 	Stim: Joyful
284.6442 	DATA 	Keypress: e
284.6442 	CRITICAL 	Final keypress: e
284.9098 	CRITICAL 	Stim: wf6_nc.jpg
285.6617 	DATA 	Keypress: i
285.6618 	CRITICAL 	Final keypress: i
285.9272 	CRITICAL 	Stim: Painful
287.0626 	DATA 	Keypress: i
287.0627 	CRITICAL 	Final keypress: i
287.3283 	CRITICAL 	Stim: Terrible
287.9299 	DATA 	Keypress: i
287.9300 	CRITICAL 	Final keypress: i
288.1956 	DATA 	***End of Run***
320.4695 	DATA 	Keypress: escape
