45.7158 	WARNING 	User requested fullscreen with size [800 600], but screen is actually [1680, 1050]. Using actual size
1.5130 	CRITICAL 	***Begin Experiment***
1.5130 	CRITICAL 	***Randomization: black_1st***
1.5130 	CRITICAL 	***Block 1 Instructions***
18.8294 	DATA 	Keypress: space
29.6539 	DATA 	Keypress: space
29.6540 	CRITICAL 	***Block 1 Experiment***
29.6540 	CRITICAL 	Stim: bf14_nc.jpg
30.3548 	DATA 	Keypress: e
30.3549 	CRITICAL 	Final keypress: e
30.6216 	CRITICAL 	Stim: wf6_nc.jpg
31.3722 	DATA 	Keypress: i
31.3723 	CRITICAL 	Final keypress: i
31.6387 	CRITICAL 	Stim: wm1_nc.jpg
32.3563 	DATA 	Keypress: i
32.3564 	CRITICAL 	Final keypress: i
32.6228 	CRITICAL 	Stim: bm56_nc.jpg
33.1902 	DATA 	Keypress: e
33.1903 	CRITICAL 	Final keypress: e
33.4567 	CRITICAL 	Stim: wf6_nc.jpg
34.0242 	DATA 	Keypress: i
34.0242 	CRITICAL 	Final keypress: i
34.2906 	CRITICAL 	Stim: bm23_nc.jpg
34.7747 	DATA 	Keypress: e
34.7748 	CRITICAL 	Final keypress: e
35.0411 	CRITICAL 	Stim: bm14_nc.jpg
35.5086 	DATA 	Keypress: e
35.5086 	CRITICAL 	Final keypress: e
35.7750 	CRITICAL 	Stim: bm23_nc.jpg
36.2258 	DATA 	Keypress: e
36.2259 	CRITICAL 	Final keypress: e
36.4922 	CRITICAL 	Stim: wf3_nc.jpg
36.9263 	DATA 	Keypress: i
36.9264 	CRITICAL 	Final keypress: i
37.1927 	CRITICAL 	Stim: wf2_nc.jpg
37.7769 	DATA 	Keypress: i
37.7769 	CRITICAL 	Final keypress: i
38.0433 	CRITICAL 	Stim: bm14_nc.jpg
38.5608 	DATA 	Keypress: e
38.5609 	CRITICAL 	Final keypress: e
38.8272 	CRITICAL 	Stim: wm4_nc.jpg
39.4114 	DATA 	Keypress: i
39.4115 	CRITICAL 	Final keypress: i
39.6778 	CRITICAL 	Stim: wm6_nc.jpg
40.2620 	DATA 	Keypress: i
40.2621 	CRITICAL 	Final keypress: i
40.5285 	CRITICAL 	Stim: bf56_nc.jpg
41.0126 	DATA 	Keypress: e
41.0127 	CRITICAL 	Final keypress: e
41.2790 	CRITICAL 	Stim: bf23_nc.jpg
41.7797 	DATA 	Keypress: e
41.7798 	CRITICAL 	Final keypress: e
42.0462 	CRITICAL 	Stim: bm56_nc.jpg
42.4804 	DATA 	Keypress: e
42.4805 	CRITICAL 	Final keypress: e
42.7467 	CRITICAL 	Stim: wf3_nc.jpg
43.2641 	DATA 	Keypress: i
43.2642 	CRITICAL 	Final keypress: i
43.5306 	CRITICAL 	Stim: wm6_nc.jpg
43.9814 	DATA 	Keypress: e
44.6818 	DATA 	Keypress: i
44.6819 	CRITICAL 	Final keypress: i
44.9483 	CRITICAL 	Stim: wm1_nc.jpg
45.6159 	DATA 	Keypress: i
45.6160 	CRITICAL 	Final keypress: i
45.8823 	CRITICAL 	Stim: bf14_nc.jpg
46.3664 	DATA 	Keypress: e
46.3665 	CRITICAL 	Final keypress: e
46.6329 	CRITICAL 	***Block 2 Instructions***
55.6059 	DATA 	Keypress: space
55.6060 	CRITICAL 	***Block 2 Experiment***
55.6060 	CRITICAL 	Stim: Terrible
57.1743 	DATA 	Keypress: i
57.1744 	CRITICAL 	Final keypress: i
57.4407 	CRITICAL 	Stim: Nasty
58.1250 	DATA 	Keypress: i
58.1251 	CRITICAL 	Final keypress: i
58.3913 	CRITICAL 	Stim: Glorious
59.2424 	DATA 	Keypress: e
59.2425 	CRITICAL 	Final keypress: e
59.5088 	CRITICAL 	Stim: Lovely
60.4433 	DATA 	Keypress: e
60.4434 	CRITICAL 	Final keypress: e
60.7096 	CRITICAL 	Stim: Horrible
61.2939 	DATA 	Keypress: i
61.2940 	CRITICAL 	Final keypress: i
61.5602 	CRITICAL 	Stim: Lovely
62.2113 	DATA 	Keypress: e
62.2114 	CRITICAL 	Final keypress: e
62.4776 	CRITICAL 	Stim: Humiliate
63.1619 	DATA 	Keypress: i
63.1620 	CRITICAL 	Final keypress: i
63.4282 	CRITICAL 	Stim: Painful
63.8624 	DATA 	Keypress: i
63.8625 	CRITICAL 	Final keypress: i
64.1288 	CRITICAL 	Stim: Humiliate
64.6463 	DATA 	Keypress: i
64.6464 	CRITICAL 	Final keypress: i
64.9127 	CRITICAL 	Stim: Wonderful
65.5136 	DATA 	Keypress: e
65.5137 	CRITICAL 	Final keypress: e
65.7799 	CRITICAL 	Stim: Agony
66.4810 	DATA 	Keypress: i
66.4811 	CRITICAL 	Final keypress: i
66.7473 	CRITICAL 	Stim: Tragic
67.3983 	DATA 	Keypress: i
67.3984 	CRITICAL 	Final keypress: i
67.6646 	CRITICAL 	Stim: Horrible
68.1322 	DATA 	Keypress: i
68.1323 	CRITICAL 	Final keypress: i
68.3985 	CRITICAL 	Stim: Superb
68.9828 	DATA 	Keypress: i
69.0328 	DATA 	Keypress: e
69.0329 	CRITICAL 	Final keypress: e
69.2992 	CRITICAL 	Stim: Joyful
70.1337 	DATA 	Keypress: e
70.1338 	CRITICAL 	Final keypress: e
70.3999 	CRITICAL 	Stim: Agony
71.1010 	DATA 	Keypress: i
71.1011 	CRITICAL 	Final keypress: i
71.3673 	CRITICAL 	Stim: Marvelous
72.0683 	DATA 	Keypress: e
72.0684 	CRITICAL 	Final keypress: e
72.3347 	CRITICAL 	Stim: Beautiful
72.8522 	DATA 	Keypress: e
72.8523 	CRITICAL 	Final keypress: e
73.1186 	CRITICAL 	Stim: Superb
73.6028 	DATA 	Keypress: e
73.6029 	CRITICAL 	Final keypress: e
73.8691 	CRITICAL 	Stim: Joyful
74.4034 	DATA 	Keypress: e
74.4035 	CRITICAL 	Final keypress: e
74.6697 	CRITICAL 	***Block 3 Instructions***
87.7809 	DATA 	Keypress: space
87.7957 	CRITICAL 	***Block 3 Experiment***
87.7957 	CRITICAL 	Stim: bf23_nc.jpg
88.9477 	DATA 	Keypress: e
88.9478 	CRITICAL 	Final keypress: e
89.2136 	CRITICAL 	Stim: Terrible
90.3655 	DATA 	Keypress: i
90.3656 	CRITICAL 	Final keypress: i
90.6312 	CRITICAL 	Stim: wm4_nc.jpg
91.4829 	DATA 	Keypress: i
91.4830 	CRITICAL 	Final keypress: i
91.7487 	CRITICAL 	Stim: Painful
92.4170 	DATA 	Keypress: i
92.4171 	CRITICAL 	Final keypress: i
92.6827 	CRITICAL 	Stim: bm56_nc.jpg
93.4510 	DATA 	Keypress: e
93.4511 	CRITICAL 	Final keypress: e
93.7167 	CRITICAL 	Stim: Humiliate
94.5352 	DATA 	Keypress: e
95.0856 	DATA 	Keypress: i
95.0857 	CRITICAL 	Final keypress: i
95.3513 	CRITICAL 	Stim: bf56_nc.jpg
96.2197 	DATA 	Keypress: e
96.2198 	CRITICAL 	Final keypress: e
96.4854 	CRITICAL 	Stim: Joyful
97.2038 	DATA 	Keypress: i
97.7375 	DATA 	Keypress: e
97.7376 	CRITICAL 	Final keypress: e
98.0032 	CRITICAL 	Stim: wm1_nc.jpg
98.7548 	DATA 	Keypress: i
98.7549 	CRITICAL 	Final keypress: i
99.0206 	CRITICAL 	Stim: bm23_nc.jpg
99.6388 	DATA 	Keypress: e
99.6389 	CRITICAL 	Final keypress: e
99.9045 	CRITICAL 	Stim: Beautiful
100.9732 	DATA 	Keypress: e
100.9733 	CRITICAL 	Final keypress: e
101.2388 	CRITICAL 	Stim: Nasty
101.8405 	DATA 	Keypress: i
101.8406 	CRITICAL 	Final keypress: i
102.1061 	CRITICAL 	Stim: wm6_nc.jpg
102.7744 	DATA 	Keypress: i
102.7745 	CRITICAL 	Final keypress: i
103.0401 	CRITICAL 	Stim: wf3_nc.jpg
103.6250 	DATA 	Keypress: i
103.6251 	CRITICAL 	Final keypress: i
103.8907 	CRITICAL 	Stim: Marvelous
104.5758 	DATA 	Keypress: i
104.9928 	DATA 	Keypress: e
104.9929 	CRITICAL 	Final keypress: e
105.2584 	CRITICAL 	Stim: bf14_nc.jpg
106.2269 	DATA 	Keypress: e
106.2270 	CRITICAL 	Final keypress: e
106.4926 	CRITICAL 	Stim: Tragic
107.2277 	DATA 	Keypress: i
107.2278 	CRITICAL 	Final keypress: i
107.4933 	CRITICAL 	Stim: wf6_nc.jpg
108.1282 	DATA 	Keypress: i
108.1283 	CRITICAL 	Final keypress: i
108.3940 	CRITICAL 	Stim: Wonderful
109.0290 	DATA 	Keypress: e
109.0291 	CRITICAL 	Final keypress: e
109.2946 	CRITICAL 	Stim: Lovely
110.0631 	DATA 	Keypress: e
110.0631 	CRITICAL 	Final keypress: e
110.3287 	CRITICAL 	***Block 4 Instructions***
116.7500 	DATA 	Keypress: space
116.7501 	CRITICAL 	***Block 4 Experiment***
116.7501 	CRITICAL 	Stim: Joyful
117.8520 	DATA 	Keypress: e
117.8521 	CRITICAL 	Final keypress: e
118.1177 	CRITICAL 	Stim: wm6_nc.jpg
118.7692 	DATA 	Keypress: i
118.7693 	CRITICAL 	Final keypress: i
119.0350 	CRITICAL 	Stim: bf14_nc.jpg
119.6199 	DATA 	Keypress: e
119.6200 	CRITICAL 	Final keypress: e
119.8856 	CRITICAL 	Stim: Superb
120.6373 	DATA 	Keypress: e
120.6374 	CRITICAL 	Final keypress: e
120.9030 	CRITICAL 	Stim: bm23_nc.jpg
121.4712 	DATA 	Keypress: e
121.4713 	CRITICAL 	Final keypress: e
121.7369 	CRITICAL 	Stim: wm4_nc.jpg
122.3718 	DATA 	Keypress: i
122.3719 	CRITICAL 	Final keypress: i
122.6376 	CRITICAL 	Stim: wf2_nc.jpg
123.1724 	DATA 	Keypress: i
123.1725 	CRITICAL 	Final keypress: i
123.4382 	CRITICAL 	Stim: Tragic
124.1065 	DATA 	Keypress: e
124.5902 	DATA 	Keypress: i
124.5903 	CRITICAL 	Final keypress: i
124.8558 	CRITICAL 	Stim: bm14_nc.jpg
125.4741 	DATA 	Keypress: e
125.4741 	CRITICAL 	Final keypress: e
125.7398 	CRITICAL 	Stim: wf2_nc.jpg
126.4414 	DATA 	Keypress: i
126.4415 	CRITICAL 	Final keypress: i
126.7072 	CRITICAL 	Stim: Nasty
127.4589 	DATA 	Keypress: e
127.9760 	DATA 	Keypress: i
127.9760 	CRITICAL 	Final keypress: i
128.2416 	CRITICAL 	Stim: wm4_nc.jpg
128.8932 	DATA 	Keypress: i
128.8933 	CRITICAL 	Final keypress: i
129.1590 	CRITICAL 	Stim: Glorious
130.1942 	DATA 	Keypress: i
130.5778 	DATA 	Keypress: e
130.5779 	CRITICAL 	Final keypress: e
130.8435 	CRITICAL 	Stim: bm56_nc.jpg
131.3783 	DATA 	Keypress: e
131.3784 	CRITICAL 	Final keypress: e
131.6441 	CRITICAL 	Stim: wm6_nc.jpg
132.2956 	DATA 	Keypress: i
132.2957 	CRITICAL 	Final keypress: i
132.5614 	CRITICAL 	Stim: Glorious
133.6801 	DATA 	Keypress: e
133.6802 	CRITICAL 	Final keypress: e
133.9457 	CRITICAL 	Stim: bm14_nc.jpg
134.4639 	DATA 	Keypress: e
134.4640 	CRITICAL 	Final keypress: e
134.7296 	CRITICAL 	Stim: Awful
135.5314 	DATA 	Keypress: i
135.5315 	CRITICAL 	Final keypress: i
135.7971 	CRITICAL 	Stim: Beautiful
136.4487 	DATA 	Keypress: e
136.4488 	CRITICAL 	Final keypress: e
136.7144 	CRITICAL 	Stim: Wonderful
137.5829 	DATA 	Keypress: e
137.5830 	CRITICAL 	Final keypress: e
137.8485 	CRITICAL 	Stim: Horrible
138.2667 	DATA 	Keypress: i
138.2668 	CRITICAL 	Final keypress: i
138.5324 	CRITICAL 	Stim: Terrible
139.2341 	DATA 	Keypress: i
139.2342 	CRITICAL 	Final keypress: i
139.4997 	CRITICAL 	Stim: bm56_nc.jpg
140.1346 	DATA 	Keypress: e
140.1347 	CRITICAL 	Final keypress: e
140.4004 	CRITICAL 	Stim: bf56_nc.jpg
140.9519 	DATA 	Keypress: e
140.9520 	CRITICAL 	Final keypress: e
141.2176 	CRITICAL 	Stim: Pleasure
142.0695 	DATA 	Keypress: i
142.6365 	DATA 	Keypress: e
142.6366 	CRITICAL 	Final keypress: e
142.9022 	CRITICAL 	Stim: Lovely
144.2544 	DATA 	Keypress: e
144.2545 	CRITICAL 	Final keypress: e
144.5200 	CRITICAL 	Stim: bm23_nc.jpg
145.0382 	DATA 	Keypress: e
145.0382 	CRITICAL 	Final keypress: e
145.3039 	CRITICAL 	Stim: wf6_nc.jpg
145.9555 	DATA 	Keypress: i
145.9556 	CRITICAL 	Final keypress: i
146.2213 	CRITICAL 	Stim: Nasty
147.0064 	DATA 	Keypress: e
147.4567 	DATA 	Keypress: i
147.4568 	CRITICAL 	Final keypress: i
147.7223 	CRITICAL 	Stim: bf56_nc.jpg
148.4073 	DATA 	Keypress: e
148.4073 	CRITICAL 	Final keypress: e
148.6730 	CRITICAL 	Stim: Humiliate
149.5417 	DATA 	Keypress: i
149.5418 	CRITICAL 	Final keypress: i
149.8072 	CRITICAL 	Stim: bf23_nc.jpg
151.0258 	DATA 	Keypress: e
151.0259 	CRITICAL 	Final keypress: e
151.2916 	CRITICAL 	Stim: Horrible
152.0100 	DATA 	Keypress: e
152.3769 	DATA 	Keypress: i
152.3770 	CRITICAL 	Final keypress: i
152.6426 	CRITICAL 	Stim: wf3_nc.jpg
153.3775 	DATA 	Keypress: i
153.3776 	CRITICAL 	Final keypress: i
153.6432 	CRITICAL 	Stim: Superb
154.6452 	DATA 	Keypress: i
154.9954 	DATA 	Keypress: e
154.9955 	CRITICAL 	Final keypress: e
155.2611 	CRITICAL 	Stim: wf3_nc.jpg
156.3630 	DATA 	Keypress: i
156.3631 	CRITICAL 	Final keypress: i
156.6287 	CRITICAL 	Stim: Joyful
157.4973 	DATA 	Keypress: e
157.4974 	CRITICAL 	Final keypress: e
157.7629 	CRITICAL 	Stim: wf6_nc.jpg
158.1309 	DATA 	Keypress: e
158.5145 	DATA 	Keypress: i
158.5146 	CRITICAL 	Final keypress: i
158.7803 	CRITICAL 	Stim: Painful
160.5828 	DATA 	Keypress: e
161.1165 	DATA 	Keypress: i
161.1166 	CRITICAL 	Final keypress: i
161.3822 	CRITICAL 	Stim: Terrible
162.5843 	DATA 	Keypress: i
162.5843 	CRITICAL 	Final keypress: i
162.8499 	CRITICAL 	***Block 5 Instructions***
171.4561 	DATA 	Keypress: space
171.4562 	CRITICAL 	***Block 5 Experiment***
171.4562 	CRITICAL 	Stim: bf23_nc.jpg
172.3571 	DATA 	Keypress: i
172.3572 	CRITICAL 	Final keypress: i
172.6237 	CRITICAL 	Stim: wm4_nc.jpg
173.2078 	DATA 	Keypress: e
173.2079 	CRITICAL 	Final keypress: e
173.4742 	CRITICAL 	Stim: wf2_nc.jpg
174.1084 	DATA 	Keypress: e
174.1085 	CRITICAL 	Final keypress: e
174.3749 	CRITICAL 	Stim: bm56_nc.jpg
174.9257 	DATA 	Keypress: i
174.9258 	CRITICAL 	Final keypress: i
175.1921 	CRITICAL 	Stim: wm6_nc.jpg
175.8096 	DATA 	Keypress: e
175.8097 	CRITICAL 	Final keypress: e
176.0761 	CRITICAL 	Stim: wf2_nc.jpg
176.7270 	DATA 	Keypress: e
176.7271 	CRITICAL 	Final keypress: e
176.9934 	CRITICAL 	Stim: bm56_nc.jpg
177.5276 	DATA 	Keypress: i
177.5277 	CRITICAL 	Final keypress: i
177.7940 	CRITICAL 	Stim: wm6_nc.jpg
178.3615 	DATA 	Keypress: e
178.3616 	CRITICAL 	Final keypress: e
178.6279 	CRITICAL 	Stim: bm23_nc.jpg
179.1621 	DATA 	Keypress: i
179.1622 	CRITICAL 	Final keypress: i
179.4285 	CRITICAL 	Stim: bf56_nc.jpg
179.9126 	DATA 	Keypress: i
179.9127 	CRITICAL 	Final keypress: i
180.1790 	CRITICAL 	Stim: wf6_nc.jpg
180.7966 	DATA 	Keypress: e
180.7967 	CRITICAL 	Final keypress: e
181.0630 	CRITICAL 	Stim: wm4_nc.jpg
181.6138 	DATA 	Keypress: e
181.6139 	CRITICAL 	Final keypress: e
181.8803 	CRITICAL 	Stim: wf6_nc.jpg
182.3644 	DATA 	Keypress: e
182.3645 	CRITICAL 	Final keypress: e
182.6308 	CRITICAL 	Stim: wm1_nc.jpg
183.1650 	DATA 	Keypress: e
183.1650 	CRITICAL 	Final keypress: e
183.4314 	CRITICAL 	Stim: bf14_nc.jpg
183.9322 	DATA 	Keypress: i
183.9323 	CRITICAL 	Final keypress: i
184.1986 	CRITICAL 	Stim: bm14_nc.jpg
184.6494 	DATA 	Keypress: i
184.6494 	CRITICAL 	Final keypress: i
184.9158 	CRITICAL 	Stim: bm23_nc.jpg
185.4499 	DATA 	Keypress: i
185.4500 	CRITICAL 	Final keypress: i
185.7164 	CRITICAL 	Stim: bf23_nc.jpg
186.1171 	DATA 	Keypress: i
186.1172 	CRITICAL 	Final keypress: i
186.3835 	CRITICAL 	Stim: wm1_nc.jpg
186.9343 	DATA 	Keypress: e
186.9344 	CRITICAL 	Final keypress: e
187.2008 	CRITICAL 	Stim: bm14_nc.jpg
187.6349 	DATA 	Keypress: i
187.6350 	CRITICAL 	Final keypress: i
187.9013 	CRITICAL 	***Block 6 Instructions***
191.2870 	DATA 	Keypress: space
191.2871 	CRITICAL 	***Block 6 Experiment***
191.2871 	CRITICAL 	Stim: Glorious
191.9055 	DATA 	Keypress: e
191.9056 	CRITICAL 	Final keypress: e
192.1711 	CRITICAL 	Stim: Beautiful
192.6059 	DATA 	Keypress: e
192.6060 	CRITICAL 	Final keypress: e
192.8715 	CRITICAL 	Stim: Joyful
193.3231 	DATA 	Keypress: e
193.3232 	CRITICAL 	Final keypress: e
193.5887 	CRITICAL 	Stim: wf2_nc.jpg
194.0902 	DATA 	Keypress: e
194.0903 	CRITICAL 	Final keypress: e
194.3559 	CRITICAL 	Stim: bm23_nc.jpg
194.9575 	DATA 	Keypress: i
194.9576 	CRITICAL 	Final keypress: i
195.2232 	CRITICAL 	Stim: bm56_nc.jpg
195.6413 	DATA 	Keypress: i
195.6414 	CRITICAL 	Final keypress: i
195.9070 	CRITICAL 	Stim: Horrible
196.3752 	DATA 	Keypress: i
196.3753 	CRITICAL 	Final keypress: i
196.6409 	CRITICAL 	Stim: Marvelous
197.3093 	DATA 	Keypress: e
197.3094 	CRITICAL 	Final keypress: e
197.5749 	CRITICAL 	Stim: bf14_nc.jpg
198.1431 	DATA 	Keypress: i
198.1432 	CRITICAL 	Final keypress: i
198.4088 	CRITICAL 	Stim: Awful
198.9607 	DATA 	Keypress: i
198.9608 	CRITICAL 	Final keypress: i
199.2261 	CRITICAL 	Stim: Agony
199.8111 	DATA 	Keypress: i
199.8112 	CRITICAL 	Final keypress: i
200.0767 	CRITICAL 	Stim: bf23_nc.jpg
200.5782 	DATA 	Keypress: i
200.5783 	CRITICAL 	Final keypress: i
200.8439 	CRITICAL 	Stim: bm14_nc.jpg
201.3287 	DATA 	Keypress: i
201.3288 	CRITICAL 	Final keypress: i
201.5945 	CRITICAL 	Stim: wm4_nc.jpg
202.0464 	DATA 	Keypress: i
202.6464 	DATA 	Keypress: e
202.6465 	CRITICAL 	Final keypress: e
202.9121 	CRITICAL 	Stim: wf3_nc.jpg
203.5136 	DATA 	Keypress: e
203.5137 	CRITICAL 	Final keypress: e
203.7794 	CRITICAL 	Stim: Wonderful
204.4478 	DATA 	Keypress: e
204.4479 	CRITICAL 	Final keypress: e
204.7134 	CRITICAL 	Stim: Terrible
205.2650 	DATA 	Keypress: i
205.2651 	CRITICAL 	Final keypress: i
205.5306 	CRITICAL 	Stim: Tragic
205.9989 	DATA 	Keypress: i
205.9990 	CRITICAL 	Final keypress: i
206.2645 	CRITICAL 	Stim: wf6_nc.jpg
206.8661 	DATA 	Keypress: e
206.8661 	CRITICAL 	Final keypress: e
207.1318 	CRITICAL 	Stim: wm6_nc.jpg
207.7500 	DATA 	Keypress: e
207.7501 	CRITICAL 	Final keypress: e
208.0158 	CRITICAL 	***Block 7 Instructions***
210.4842 	DATA 	Keypress: space
210.4843 	CRITICAL 	***Block 7 Experiment***
210.4843 	CRITICAL 	Stim: Lovely
211.2359 	DATA 	Keypress: e
211.2360 	CRITICAL 	Final keypress: e
211.5017 	CRITICAL 	Stim: Horrible
212.1867 	DATA 	Keypress: i
212.1868 	CRITICAL 	Final keypress: i
212.4523 	CRITICAL 	Stim: bf14_nc.jpg
213.0372 	DATA 	Keypress: i
213.0372 	CRITICAL 	Final keypress: i
213.3029 	CRITICAL 	Stim: Painful
213.9212 	DATA 	Keypress: i
213.9213 	CRITICAL 	Final keypress: i
214.1869 	CRITICAL 	Stim: Glorious
214.8219 	DATA 	Keypress: e
214.8220 	CRITICAL 	Final keypress: e
215.0875 	CRITICAL 	Stim: Superb
215.6892 	DATA 	Keypress: e
215.6893 	CRITICAL 	Final keypress: e
215.9548 	CRITICAL 	Stim: bm14_nc.jpg
216.6064 	DATA 	Keypress: i
216.6065 	CRITICAL 	Final keypress: i
216.8721 	CRITICAL 	Stim: wf2_nc.jpg
217.4570 	DATA 	Keypress: e
217.4571 	CRITICAL 	Final keypress: e
217.7228 	CRITICAL 	Stim: Humiliate
218.3411 	DATA 	Keypress: i
218.3412 	CRITICAL 	Final keypress: i
218.6067 	CRITICAL 	Stim: bm56_nc.jpg
219.2416 	DATA 	Keypress: i
219.2417 	CRITICAL 	Final keypress: i
219.5074 	CRITICAL 	Stim: Awful
220.2091 	DATA 	Keypress: i
220.2092 	CRITICAL 	Final keypress: i
220.4747 	CRITICAL 	Stim: wm4_nc.jpg
220.9762 	DATA 	Keypress: e
220.9763 	CRITICAL 	Final keypress: e
221.2420 	CRITICAL 	Stim: Beautiful
222.0104 	DATA 	Keypress: e
222.0105 	CRITICAL 	Final keypress: e
222.2760 	CRITICAL 	Stim: bm23_nc.jpg
222.8776 	DATA 	Keypress: i
222.8777 	CRITICAL 	Final keypress: i
223.1433 	CRITICAL 	Stim: Marvelous
224.2287 	DATA 	Keypress: e
224.2288 	CRITICAL 	Final keypress: e
224.4943 	CRITICAL 	Stim: Joyful
225.0959 	DATA 	Keypress: e
225.0960 	CRITICAL 	Final keypress: e
225.3616 	CRITICAL 	Stim: wm1_nc.jpg
225.8797 	DATA 	Keypress: e
225.8798 	CRITICAL 	Final keypress: e
226.1455 	CRITICAL 	Stim: Nasty
226.6804 	DATA 	Keypress: i
226.6805 	CRITICAL 	Final keypress: i
226.9461 	CRITICAL 	Stim: bm14_nc.jpg
227.4142 	DATA 	Keypress: i
227.4143 	CRITICAL 	Final keypress: i
227.6799 	CRITICAL 	Stim: Humiliate
228.2816 	DATA 	Keypress: i
228.2817 	CRITICAL 	Final keypress: i
228.5472 	CRITICAL 	Stim: wf2_nc.jpg
229.1321 	DATA 	Keypress: e
229.1322 	CRITICAL 	Final keypress: e
229.3978 	CRITICAL 	Stim: wf3_nc.jpg
229.9160 	DATA 	Keypress: e
229.9161 	CRITICAL 	Final keypress: e
230.1817 	CRITICAL 	Stim: bf56_nc.jpg
230.7166 	DATA 	Keypress: i
230.7167 	CRITICAL 	Final keypress: i
230.9823 	CRITICAL 	Stim: Awful
231.5673 	DATA 	Keypress: i
231.5674 	CRITICAL 	Final keypress: i
231.8329 	CRITICAL 	Stim: wf6_nc.jpg
232.4679 	DATA 	Keypress: e
232.4679 	CRITICAL 	Final keypress: e
232.7336 	CRITICAL 	Stim: bf56_nc.jpg
233.3018 	DATA 	Keypress: i
233.3019 	CRITICAL 	Final keypress: i
233.5675 	CRITICAL 	Stim: Joyful
234.1191 	DATA 	Keypress: e
234.1192 	CRITICAL 	Final keypress: e
234.3848 	CRITICAL 	Stim: bf14_nc.jpg
234.8862 	DATA 	Keypress: i
234.8863 	CRITICAL 	Final keypress: i
235.1520 	CRITICAL 	Stim: Nasty
236.3874 	DATA 	Keypress: e
236.8210 	DATA 	Keypress: i
236.8211 	CRITICAL 	Final keypress: i
237.0867 	CRITICAL 	Stim: Horrible
237.6717 	DATA 	Keypress: i
237.6718 	CRITICAL 	Final keypress: i
237.9373 	CRITICAL 	Stim: wf3_nc.jpg
238.4888 	DATA 	Keypress: e
238.4889 	CRITICAL 	Final keypress: e
238.7546 	CRITICAL 	Stim: bf23_nc.jpg
239.3394 	DATA 	Keypress: i
239.3395 	CRITICAL 	Final keypress: i
239.6052 	CRITICAL 	Stim: Agony
240.2068 	DATA 	Keypress: i
240.2069 	CRITICAL 	Final keypress: i
240.4725 	CRITICAL 	Stim: wm6_nc.jpg
241.0240 	DATA 	Keypress: e
241.0241 	CRITICAL 	Final keypress: e
241.2897 	CRITICAL 	Stim: Superb
242.1749 	DATA 	Keypress: e
242.1750 	CRITICAL 	Final keypress: e
242.4406 	CRITICAL 	Stim: Pleasure
242.9588 	DATA 	Keypress: e
242.9589 	CRITICAL 	Final keypress: e
243.2245 	CRITICAL 	Stim: bm56_nc.jpg
243.8093 	DATA 	Keypress: i
243.8094 	CRITICAL 	Final keypress: i
244.0751 	CRITICAL 	Stim: Marvelous
244.5266 	DATA 	Keypress: e
244.5267 	CRITICAL 	Final keypress: e
244.7923 	CRITICAL 	Stim: wm1_nc.jpg
245.2939 	DATA 	Keypress: e
245.2940 	CRITICAL 	Final keypress: e
245.5595 	CRITICAL 	Stim: wf6_nc.jpg
246.0443 	DATA 	Keypress: e
246.0444 	CRITICAL 	Final keypress: e
246.3101 	DATA 	***End of Run***
347.0326 	DATA 	Keypress: escape
