10.9840 	WARNING 	User requested fullscreen with size [800 600], but screen is actually [1680, 1050]. Using actual size
1.5145 	CRITICAL 	***Begin Experiment***
1.5146 	CRITICAL 	***Randomization: white_1st***
1.5146 	CRITICAL 	***Block 1 Instructions***
60.1927 	DATA 	Keypress: space
73.8859 	DATA 	Keypress: space
73.8860 	CRITICAL 	***Block 1 Experiment***
73.8860 	CRITICAL 	Stim: bf23_nc.jpg
74.9371 	DATA 	Keypress: i
74.9372 	CRITICAL 	Final keypress: i
75.2039 	CRITICAL 	Stim: wm4_nc.jpg
75.8044 	DATA 	Keypress: e
75.8045 	CRITICAL 	Final keypress: e
76.0709 	CRITICAL 	Stim: wf2_nc.jpg
76.8718 	DATA 	Keypress: e
76.8719 	CRITICAL 	Final keypress: e
77.1384 	CRITICAL 	Stim: bm56_nc.jpg
77.7725 	DATA 	Keypress: i
77.7726 	CRITICAL 	Final keypress: i
78.0389 	CRITICAL 	Stim: wm6_nc.jpg
78.7065 	DATA 	Keypress: e
78.7066 	CRITICAL 	Final keypress: e
78.9729 	CRITICAL 	Stim: wf2_nc.jpg
79.6739 	DATA 	Keypress: e
79.6740 	CRITICAL 	Final keypress: e
79.9403 	CRITICAL 	Stim: bm56_nc.jpg
80.5245 	DATA 	Keypress: i
80.5246 	CRITICAL 	Final keypress: i
80.7909 	CRITICAL 	Stim: wm6_nc.jpg
81.4251 	DATA 	Keypress: e
81.4252 	CRITICAL 	Final keypress: e
81.6916 	CRITICAL 	Stim: bm23_nc.jpg
82.2924 	DATA 	Keypress: i
82.2925 	CRITICAL 	Final keypress: i
82.5589 	CRITICAL 	Stim: bf56_nc.jpg
83.2931 	DATA 	Keypress: i
83.2932 	CRITICAL 	Final keypress: i
83.5596 	CRITICAL 	Stim: wf6_nc.jpg
84.1104 	DATA 	Keypress: e
84.1105 	CRITICAL 	Final keypress: e
84.3768 	CRITICAL 	Stim: wm4_nc.jpg
84.9276 	DATA 	Keypress: e
84.9277 	CRITICAL 	Final keypress: e
85.1941 	CRITICAL 	Stim: wf6_nc.jpg
85.7449 	DATA 	Keypress: e
85.7450 	CRITICAL 	Final keypress: e
86.0113 	CRITICAL 	Stim: wm1_nc.jpg
86.6622 	DATA 	Keypress: e
86.6623 	CRITICAL 	Final keypress: e
86.9287 	CRITICAL 	Stim: bf14_nc.jpg
87.4628 	DATA 	Keypress: i
87.4629 	CRITICAL 	Final keypress: i
87.7292 	CRITICAL 	Stim: bm14_nc.jpg
88.2467 	DATA 	Keypress: i
88.2468 	CRITICAL 	Final keypress: i
88.5131 	CRITICAL 	Stim: bm23_nc.jpg
89.0306 	DATA 	Keypress: i
89.0307 	CRITICAL 	Final keypress: i
89.2971 	CRITICAL 	Stim: bf23_nc.jpg
89.8145 	DATA 	Keypress: i
89.8146 	CRITICAL 	Final keypress: i
90.0809 	CRITICAL 	Stim: wm1_nc.jpg
90.6151 	DATA 	Keypress: e
90.6152 	CRITICAL 	Final keypress: e
90.8815 	CRITICAL 	Stim: bm14_nc.jpg
91.4157 	DATA 	Keypress: i
91.4157 	CRITICAL 	Final keypress: i
91.6821 	CRITICAL 	***Block 2 Instructions***
96.2020 	DATA 	Keypress: space
96.2021 	CRITICAL 	***Block 2 Experiment***
96.2021 	CRITICAL 	Stim: Terrible
97.4534 	DATA 	Keypress: i
97.4535 	CRITICAL 	Final keypress: i
97.7198 	CRITICAL 	Stim: Nasty
98.2707 	DATA 	Keypress: i
98.2708 	CRITICAL 	Final keypress: i
98.5370 	CRITICAL 	Stim: Glorious
99.0714 	DATA 	Keypress: e
99.0715 	CRITICAL 	Final keypress: e
99.3376 	CRITICAL 	Stim: Lovely
99.8719 	DATA 	Keypress: e
99.8720 	CRITICAL 	Final keypress: e
100.1382 	CRITICAL 	Stim: Horrible
100.6224 	DATA 	Keypress: e
102.9074 	DATA 	Keypress: i
102.9075 	CRITICAL 	Final keypress: i
103.1738 	CRITICAL 	Stim: Lovely
104.1249 	DATA 	Keypress: e
104.1250 	CRITICAL 	Final keypress: e
104.3912 	CRITICAL 	Stim: Humiliate
105.0589 	DATA 	Keypress: i
105.0590 	CRITICAL 	Final keypress: i
105.3253 	CRITICAL 	Stim: Painful
105.9929 	DATA 	Keypress: i
105.9930 	CRITICAL 	Final keypress: i
106.2593 	CRITICAL 	Stim: Humiliate
106.8936 	DATA 	Keypress: i
106.8937 	CRITICAL 	Final keypress: i
107.1599 	CRITICAL 	Stim: Wonderful
107.6942 	DATA 	Keypress: e
107.6942 	CRITICAL 	Final keypress: e
107.9605 	CRITICAL 	Stim: Agony
108.4947 	DATA 	Keypress: i
108.4948 	CRITICAL 	Final keypress: i
108.7611 	CRITICAL 	Stim: Tragic
109.2786 	DATA 	Keypress: i
109.2787 	CRITICAL 	Final keypress: i
109.5450 	CRITICAL 	Stim: Horrible
110.0625 	DATA 	Keypress: i
110.0626 	CRITICAL 	Final keypress: i
110.3289 	CRITICAL 	Stim: Superb
110.9298 	DATA 	Keypress: e
110.9299 	CRITICAL 	Final keypress: e
111.1962 	CRITICAL 	Stim: Joyful
111.8138 	DATA 	Keypress: e
111.8139 	CRITICAL 	Final keypress: e
112.0801 	CRITICAL 	Stim: Agony
112.6144 	DATA 	Keypress: i
112.6145 	CRITICAL 	Final keypress: i
112.8807 	CRITICAL 	Stim: Marvelous
113.4483 	DATA 	Keypress: e
113.4484 	CRITICAL 	Final keypress: e
113.7146 	CRITICAL 	Stim: Beautiful
114.3490 	DATA 	Keypress: e
114.3490 	CRITICAL 	Final keypress: e
114.6153 	CRITICAL 	Stim: Superb
115.2329 	DATA 	Keypress: e
115.2330 	CRITICAL 	Final keypress: e
115.4993 	CRITICAL 	Stim: Joyful
115.9501 	DATA 	Keypress: e
115.9502 	CRITICAL 	Final keypress: e
116.2165 	CRITICAL 	***Block 3 Instructions***
130.0264 	DATA 	Keypress: space
130.0265 	CRITICAL 	***Block 3 Experiment***
130.0265 	CRITICAL 	Stim: Glorious
131.2952 	DATA 	Keypress: e
131.2953 	CRITICAL 	Final keypress: e
131.5609 	CRITICAL 	Stim: Beautiful
132.1625 	DATA 	Keypress: e
132.1626 	CRITICAL 	Final keypress: e
132.4281 	CRITICAL 	Stim: Joyful
132.9297 	DATA 	Keypress: e
132.9298 	CRITICAL 	Final keypress: e
133.1953 	CRITICAL 	Stim: wf2_nc.jpg
133.9470 	DATA 	Keypress: e
133.9471 	CRITICAL 	Final keypress: e
134.2127 	CRITICAL 	Stim: bm23_nc.jpg
134.8645 	DATA 	Keypress: i
134.8646 	CRITICAL 	Final keypress: i
135.1301 	CRITICAL 	Stim: bm56_nc.jpg
135.7483 	DATA 	Keypress: i
135.7484 	CRITICAL 	Final keypress: i
136.0140 	CRITICAL 	Stim: Horrible
136.6991 	DATA 	Keypress: i
136.6992 	CRITICAL 	Final keypress: i
136.9647 	CRITICAL 	Stim: Marvelous
137.5330 	DATA 	Keypress: e
137.5331 	CRITICAL 	Final keypress: e
137.7987 	CRITICAL 	Stim: bf14_nc.jpg
138.4669 	DATA 	Keypress: i
138.4670 	CRITICAL 	Final keypress: i
138.7327 	CRITICAL 	Stim: Awful
139.3010 	DATA 	Keypress: i
139.3011 	CRITICAL 	Final keypress: i
139.5666 	CRITICAL 	Stim: Agony
140.0348 	DATA 	Keypress: i
140.0349 	CRITICAL 	Final keypress: i
140.3005 	CRITICAL 	Stim: bf23_nc.jpg
140.8853 	DATA 	Keypress: i
140.8854 	CRITICAL 	Final keypress: i
141.1511 	CRITICAL 	Stim: bm14_nc.jpg
141.6359 	DATA 	Keypress: i
141.6360 	CRITICAL 	Final keypress: i
141.9016 	CRITICAL 	Stim: wm4_nc.jpg
142.4865 	DATA 	Keypress: e
142.4866 	CRITICAL 	Final keypress: e
142.7522 	CRITICAL 	Stim: wf3_nc.jpg
143.3037 	DATA 	Keypress: e
143.3038 	CRITICAL 	Final keypress: e
143.5695 	CRITICAL 	Stim: Wonderful
144.1381 	DATA 	Keypress: e
144.1382 	CRITICAL 	Final keypress: e
144.4034 	CRITICAL 	Stim: Terrible
144.8717 	DATA 	Keypress: i
144.8718 	CRITICAL 	Final keypress: i
145.1373 	CRITICAL 	Stim: Tragic
145.7056 	DATA 	Keypress: i
145.7057 	CRITICAL 	Final keypress: i
145.9712 	CRITICAL 	Stim: wf6_nc.jpg
146.7062 	DATA 	Keypress: e
146.7063 	CRITICAL 	Final keypress: e
146.9719 	CRITICAL 	Stim: wm6_nc.jpg
147.5401 	DATA 	Keypress: e
147.5402 	CRITICAL 	Final keypress: e
147.8059 	CRITICAL 	***Block 4 Instructions***
155.1111 	DATA 	Keypress: space
155.1112 	CRITICAL 	***Block 4 Experiment***
155.1112 	CRITICAL 	Stim: Lovely
156.0297 	DATA 	Keypress: e
156.0298 	CRITICAL 	Final keypress: e
156.2954 	CRITICAL 	Stim: Horrible
156.8469 	DATA 	Keypress: i
156.8470 	CRITICAL 	Final keypress: i
157.1126 	CRITICAL 	Stim: bf14_nc.jpg
157.7642 	DATA 	Keypress: e
158.4480 	DATA 	Keypress: i
158.4480 	CRITICAL 	Final keypress: i
158.7138 	CRITICAL 	Stim: Painful
159.2820 	DATA 	Keypress: i
159.2821 	CRITICAL 	Final keypress: i
159.5477 	CRITICAL 	Stim: Glorious
160.2827 	DATA 	Keypress: e
160.2828 	CRITICAL 	Final keypress: e
160.5484 	CRITICAL 	Stim: Superb
161.0834 	DATA 	Keypress: e
161.0835 	CRITICAL 	Final keypress: e
161.3490 	CRITICAL 	Stim: bm14_nc.jpg
161.9672 	DATA 	Keypress: i
161.9673 	CRITICAL 	Final keypress: i
162.2329 	CRITICAL 	Stim: wf2_nc.jpg
162.7511 	DATA 	Keypress: e
162.7512 	CRITICAL 	Final keypress: e
163.0168 	CRITICAL 	Stim: Humiliate
163.5351 	DATA 	Keypress: i
163.5352 	CRITICAL 	Final keypress: i
163.8007 	CRITICAL 	Stim: bm56_nc.jpg
164.4356 	DATA 	Keypress: i
164.4357 	CRITICAL 	Final keypress: i
164.7014 	CRITICAL 	Stim: Awful
165.2697 	DATA 	Keypress: i
165.2698 	CRITICAL 	Final keypress: i
165.5353 	CRITICAL 	Stim: wm4_nc.jpg
166.1202 	DATA 	Keypress: e
166.1203 	CRITICAL 	Final keypress: e
166.3859 	CRITICAL 	Stim: Beautiful
166.9209 	DATA 	Keypress: e
166.9209 	CRITICAL 	Final keypress: e
167.1865 	CRITICAL 	Stim: bm23_nc.jpg
167.7714 	DATA 	Keypress: i
167.7715 	CRITICAL 	Final keypress: i
168.0372 	CRITICAL 	Stim: Marvelous
168.5387 	DATA 	Keypress: e
168.5388 	CRITICAL 	Final keypress: e
168.8043 	CRITICAL 	Stim: Joyful
169.3059 	DATA 	Keypress: e
169.3060 	CRITICAL 	Final keypress: e
169.5715 	CRITICAL 	Stim: wm1_nc.jpg
170.2565 	DATA 	Keypress: e
170.2566 	CRITICAL 	Final keypress: e
170.5222 	CRITICAL 	Stim: Nasty
171.0071 	DATA 	Keypress: i
171.0072 	CRITICAL 	Final keypress: i
171.2728 	CRITICAL 	Stim: bm14_nc.jpg
171.7909 	DATA 	Keypress: i
171.7910 	CRITICAL 	Final keypress: i
172.0567 	CRITICAL 	Stim: Humiliate
172.6083 	DATA 	Keypress: i
172.6084 	CRITICAL 	Final keypress: i
172.8739 	CRITICAL 	Stim: wf2_nc.jpg
173.4755 	DATA 	Keypress: e
173.4756 	CRITICAL 	Final keypress: e
173.7412 	CRITICAL 	Stim: wf3_nc.jpg
174.3261 	DATA 	Keypress: e
174.3262 	CRITICAL 	Final keypress: e
174.5918 	CRITICAL 	Stim: bf56_nc.jpg
175.1934 	DATA 	Keypress: i
175.1935 	CRITICAL 	Final keypress: i
175.4591 	CRITICAL 	Stim: Awful
176.0775 	DATA 	Keypress: i
176.0776 	CRITICAL 	Final keypress: i
176.3431 	CRITICAL 	Stim: wf6_nc.jpg
176.9446 	DATA 	Keypress: e
176.9447 	CRITICAL 	Final keypress: e
177.2104 	CRITICAL 	Stim: bf56_nc.jpg
177.8119 	DATA 	Keypress: i
177.8120 	CRITICAL 	Final keypress: i
178.0777 	CRITICAL 	Stim: Joyful
178.5459 	DATA 	Keypress: e
178.5460 	CRITICAL 	Final keypress: e
178.8115 	CRITICAL 	Stim: bf14_nc.jpg
179.4131 	DATA 	Keypress: i
179.4132 	CRITICAL 	Final keypress: i
179.6788 	CRITICAL 	Stim: Nasty
180.1804 	DATA 	Keypress: i
180.1805 	CRITICAL 	Final keypress: i
180.4461 	CRITICAL 	Stim: Horrible
180.9476 	DATA 	Keypress: i
180.9477 	CRITICAL 	Final keypress: i
181.2133 	CRITICAL 	Stim: wf3_nc.jpg
181.7981 	DATA 	Keypress: e
181.7982 	CRITICAL 	Final keypress: e
182.0639 	CRITICAL 	Stim: bf23_nc.jpg
182.6488 	DATA 	Keypress: i
182.6489 	CRITICAL 	Final keypress: i
182.9145 	CRITICAL 	Stim: Agony
183.4161 	DATA 	Keypress: i
183.4162 	CRITICAL 	Final keypress: i
183.6817 	CRITICAL 	Stim: wm6_nc.jpg
184.2499 	DATA 	Keypress: e
184.2500 	CRITICAL 	Final keypress: e
184.5157 	CRITICAL 	Stim: Superb
185.3508 	DATA 	Keypress: e
185.3509 	CRITICAL 	Final keypress: e
185.6164 	CRITICAL 	Stim: Pleasure
186.1014 	DATA 	Keypress: e
186.1015 	CRITICAL 	Final keypress: e
186.3670 	CRITICAL 	Stim: bm56_nc.jpg
186.9852 	DATA 	Keypress: i
186.9853 	CRITICAL 	Final keypress: i
187.2510 	CRITICAL 	Stim: Marvelous
187.7860 	DATA 	Keypress: e
187.7861 	CRITICAL 	Final keypress: e
188.0515 	CRITICAL 	Stim: wm1_nc.jpg
188.6864 	DATA 	Keypress: e
188.6865 	CRITICAL 	Final keypress: e
188.9522 	CRITICAL 	Stim: wf6_nc.jpg
189.4537 	DATA 	Keypress: e
189.4538 	CRITICAL 	Final keypress: e
189.7194 	CRITICAL 	***Block 5 Instructions***
201.8948 	DATA 	Keypress: space
201.8949 	CRITICAL 	***Block 5 Experiment***
201.8949 	CRITICAL 	Stim: bf14_nc.jpg
202.8293 	DATA 	Keypress: e
202.8294 	CRITICAL 	Final keypress: e
203.0958 	CRITICAL 	Stim: wf6_nc.jpg
203.7633 	DATA 	Keypress: i
203.7634 	CRITICAL 	Final keypress: i
204.0297 	CRITICAL 	Stim: wm1_nc.jpg
204.6640 	DATA 	Keypress: i
204.6641 	CRITICAL 	Final keypress: i
204.9304 	CRITICAL 	Stim: bm56_nc.jpg
205.4145 	DATA 	Keypress: e
205.4146 	CRITICAL 	Final keypress: e
205.6809 	CRITICAL 	Stim: wf6_nc.jpg
206.3318 	DATA 	Keypress: i
206.3319 	CRITICAL 	Final keypress: i
206.5982 	CRITICAL 	Stim: bm23_nc.jpg
207.1324 	DATA 	Keypress: e
207.1325 	CRITICAL 	Final keypress: e
207.3988 	CRITICAL 	Stim: bm14_nc.jpg
207.9330 	DATA 	Keypress: e
207.9330 	CRITICAL 	Final keypress: e
208.1994 	CRITICAL 	Stim: bm23_nc.jpg
208.8336 	DATA 	Keypress: e
208.8337 	CRITICAL 	Final keypress: e
209.1000 	CRITICAL 	Stim: wf3_nc.jpg
209.6342 	DATA 	Keypress: i
209.6343 	CRITICAL 	Final keypress: i
209.9006 	CRITICAL 	Stim: wf2_nc.jpg
210.5849 	DATA 	Keypress: i
210.5850 	CRITICAL 	Final keypress: i
210.8513 	CRITICAL 	Stim: bm14_nc.jpg
211.3187 	DATA 	Keypress: e
211.3188 	CRITICAL 	Final keypress: e
211.5852 	CRITICAL 	Stim: wm4_nc.jpg
212.1193 	DATA 	Keypress: i
212.1194 	CRITICAL 	Final keypress: i
212.3857 	CRITICAL 	Stim: wm6_nc.jpg
212.9366 	DATA 	Keypress: i
212.9366 	CRITICAL 	Final keypress: i
213.2030 	CRITICAL 	Stim: bf56_nc.jpg
213.7204 	DATA 	Keypress: e
213.7205 	CRITICAL 	Final keypress: e
213.9869 	CRITICAL 	Stim: bf23_nc.jpg
214.4877 	DATA 	Keypress: e
214.4878 	CRITICAL 	Final keypress: e
214.7541 	CRITICAL 	Stim: bm56_nc.jpg
215.1882 	DATA 	Keypress: e
215.1883 	CRITICAL 	Final keypress: e
215.4546 	CRITICAL 	Stim: wf3_nc.jpg
215.9554 	DATA 	Keypress: i
215.9555 	CRITICAL 	Final keypress: i
216.2218 	CRITICAL 	Stim: wm6_nc.jpg
216.7393 	DATA 	Keypress: i
216.7394 	CRITICAL 	Final keypress: i
217.0057 	CRITICAL 	Stim: wm1_nc.jpg
217.5732 	DATA 	Keypress: i
217.5733 	CRITICAL 	Final keypress: i
217.8397 	CRITICAL 	Stim: bf14_nc.jpg
218.2738 	DATA 	Keypress: e
218.2739 	CRITICAL 	Final keypress: e
218.5402 	CRITICAL 	***Block 6 Instructions***
228.1638 	DATA 	Keypress: space
228.1638 	CRITICAL 	***Block 6 Experiment***
228.1639 	CRITICAL 	Stim: bf23_nc.jpg
229.1156 	DATA 	Keypress: e
229.1157 	CRITICAL 	Final keypress: e
229.3814 	CRITICAL 	Stim: Terrible
229.9830 	DATA 	Keypress: i
229.9831 	CRITICAL 	Final keypress: i
230.2486 	CRITICAL 	Stim: wm4_nc.jpg
230.9002 	DATA 	Keypress: i
230.9003 	CRITICAL 	Final keypress: i
231.1659 	CRITICAL 	Stim: Painful
231.7175 	DATA 	Keypress: i
231.7176 	CRITICAL 	Final keypress: i
231.9832 	CRITICAL 	Stim: bm56_nc.jpg
232.5848 	DATA 	Keypress: e
232.5848 	CRITICAL 	Final keypress: e
232.8505 	CRITICAL 	Stim: Humiliate
233.5188 	DATA 	Keypress: i
233.5189 	CRITICAL 	Final keypress: i
233.7845 	CRITICAL 	Stim: bf56_nc.jpg
234.4027 	DATA 	Keypress: e
234.4028 	CRITICAL 	Final keypress: e
234.6685 	CRITICAL 	Stim: Joyful
235.2868 	DATA 	Keypress: e
235.2869 	CRITICAL 	Final keypress: e
235.5524 	CRITICAL 	Stim: wm1_nc.jpg
236.1873 	DATA 	Keypress: i
236.1874 	CRITICAL 	Final keypress: i
236.4531 	CRITICAL 	Stim: bm23_nc.jpg
237.0379 	DATA 	Keypress: e
237.0380 	CRITICAL 	Final keypress: e
237.3038 	CRITICAL 	Stim: Beautiful
237.9720 	DATA 	Keypress: e
237.9721 	CRITICAL 	Final keypress: e
238.2377 	CRITICAL 	Stim: Nasty
238.7560 	DATA 	Keypress: i
238.7560 	CRITICAL 	Final keypress: i
239.0216 	CRITICAL 	Stim: wm6_nc.jpg
239.5397 	DATA 	Keypress: i
239.5398 	CRITICAL 	Final keypress: i
239.8055 	CRITICAL 	Stim: wf3_nc.jpg
240.2903 	DATA 	Keypress: i
240.2904 	CRITICAL 	Final keypress: i
240.5560 	CRITICAL 	Stim: Marvelous
241.2578 	DATA 	Keypress: e
241.2578 	CRITICAL 	Final keypress: e
241.5234 	CRITICAL 	Stim: bf14_nc.jpg
241.9915 	DATA 	Keypress: e
241.9916 	CRITICAL 	Final keypress: e
242.2573 	CRITICAL 	Stim: Tragic
242.8589 	DATA 	Keypress: i
242.8590 	CRITICAL 	Final keypress: i
243.1245 	CRITICAL 	Stim: wf6_nc.jpg
243.8762 	DATA 	Keypress: i
243.8763 	CRITICAL 	Final keypress: i
244.1419 	CRITICAL 	Stim: Wonderful
244.6769 	DATA 	Keypress: i
245.3607 	DATA 	Keypress: e
245.3608 	CRITICAL 	Final keypress: e
245.6264 	CRITICAL 	Stim: Lovely
246.0946 	DATA 	Keypress: e
246.0947 	CRITICAL 	Final keypress: e
246.3602 	CRITICAL 	***Block 7 Instructions***
248.6452 	DATA 	Keypress: space
248.6453 	CRITICAL 	***Block 7 Experiment***
248.6453 	CRITICAL 	Stim: Joyful
249.5804 	DATA 	Keypress: e
249.5805 	CRITICAL 	Final keypress: e
249.8461 	CRITICAL 	Stim: wm6_nc.jpg
250.3642 	DATA 	Keypress: i
250.3643 	CRITICAL 	Final keypress: i
250.6300 	CRITICAL 	Stim: bf14_nc.jpg
251.2150 	DATA 	Keypress: e
251.2151 	CRITICAL 	Final keypress: e
251.4806 	CRITICAL 	Stim: Superb
252.1156 	DATA 	Keypress: e
252.1157 	CRITICAL 	Final keypress: e
252.3812 	CRITICAL 	Stim: bm23_nc.jpg
253.1662 	DATA 	Keypress: e
253.1663 	CRITICAL 	Final keypress: e
253.4320 	CRITICAL 	Stim: wm4_nc.jpg
253.9501 	DATA 	Keypress: i
253.9502 	CRITICAL 	Final keypress: i
254.2159 	CRITICAL 	Stim: wf2_nc.jpg
254.7507 	DATA 	Keypress: i
254.7508 	CRITICAL 	Final keypress: i
255.0164 	CRITICAL 	Stim: Tragic
255.5681 	DATA 	Keypress: i
255.5682 	CRITICAL 	Final keypress: i
255.8337 	CRITICAL 	Stim: bm14_nc.jpg
256.4854 	DATA 	Keypress: e
256.4855 	CRITICAL 	Final keypress: e
256.7510 	CRITICAL 	Stim: wf2_nc.jpg
257.3026 	DATA 	Keypress: i
257.3027 	CRITICAL 	Final keypress: i
257.5683 	CRITICAL 	Stim: Nasty
258.1366 	DATA 	Keypress: i
258.1367 	CRITICAL 	Final keypress: i
258.4022 	CRITICAL 	Stim: wm4_nc.jpg
258.9704 	DATA 	Keypress: e
259.4542 	DATA 	Keypress: i
259.4543 	CRITICAL 	Final keypress: i
259.7199 	CRITICAL 	Stim: Glorious
260.2548 	DATA 	Keypress: e
260.2549 	CRITICAL 	Final keypress: e
260.5204 	CRITICAL 	Stim: bm56_nc.jpg
261.2220 	DATA 	Keypress: e
261.2221 	CRITICAL 	Final keypress: e
261.4878 	CRITICAL 	Stim: wm6_nc.jpg
262.0226 	DATA 	Keypress: i
262.0227 	CRITICAL 	Final keypress: i
262.2884 	CRITICAL 	Stim: Glorious
263.0401 	DATA 	Keypress: e
263.0402 	CRITICAL 	Final keypress: e
263.3057 	CRITICAL 	Stim: bm14_nc.jpg
263.9907 	DATA 	Keypress: e
263.9908 	CRITICAL 	Final keypress: e
264.2564 	CRITICAL 	Stim: Awful
264.7914 	DATA 	Keypress: i
264.7915 	CRITICAL 	Final keypress: i
265.0570 	CRITICAL 	Stim: Beautiful
265.6255 	DATA 	Keypress: e
265.6256 	CRITICAL 	Final keypress: e
265.8910 	CRITICAL 	Stim: Wonderful
266.4259 	DATA 	Keypress: e
266.4260 	CRITICAL 	Final keypress: e
266.6915 	CRITICAL 	Stim: Horrible
267.1764 	DATA 	Keypress: i
267.1765 	CRITICAL 	Final keypress: i
267.4421 	CRITICAL 	Stim: Terrible
267.9937 	DATA 	Keypress: i
267.9938 	CRITICAL 	Final keypress: i
268.2593 	CRITICAL 	Stim: bm56_nc.jpg
268.8942 	DATA 	Keypress: e
268.8943 	CRITICAL 	Final keypress: e
269.1600 	CRITICAL 	Stim: bf56_nc.jpg
269.8616 	DATA 	Keypress: e
269.8617 	CRITICAL 	Final keypress: e
270.1273 	CRITICAL 	Stim: Pleasure
270.6956 	DATA 	Keypress: e
270.6957 	CRITICAL 	Final keypress: e
270.9613 	CRITICAL 	Stim: Lovely
271.4796 	DATA 	Keypress: e
271.4797 	CRITICAL 	Final keypress: e
271.7452 	CRITICAL 	Stim: bm23_nc.jpg
272.4635 	DATA 	Keypress: e
272.4636 	CRITICAL 	Final keypress: e
272.7292 	CRITICAL 	Stim: wf6_nc.jpg
273.3308 	DATA 	Keypress: i
273.3308 	CRITICAL 	Final keypress: i
273.5965 	CRITICAL 	Stim: Nasty
274.4650 	DATA 	Keypress: i
274.4651 	CRITICAL 	Final keypress: i
274.7306 	CRITICAL 	Stim: bf56_nc.jpg
275.3656 	DATA 	Keypress: e
275.3657 	CRITICAL 	Final keypress: e
275.6313 	CRITICAL 	Stim: Humiliate
276.2329 	DATA 	Keypress: i
276.2330 	CRITICAL 	Final keypress: i
276.4986 	CRITICAL 	Stim: bf23_nc.jpg
277.0668 	DATA 	Keypress: e
277.0669 	CRITICAL 	Final keypress: e
277.3325 	CRITICAL 	Stim: Horrible
277.8675 	DATA 	Keypress: e
278.3345 	DATA 	Keypress: i
278.3345 	CRITICAL 	Final keypress: i
278.6001 	CRITICAL 	Stim: wf3_nc.jpg
279.2183 	DATA 	Keypress: i
279.2184 	CRITICAL 	Final keypress: i
279.4841 	CRITICAL 	Stim: Superb
280.1191 	DATA 	Keypress: e
280.1192 	CRITICAL 	Final keypress: e
280.3847 	CRITICAL 	Stim: wf3_nc.jpg
281.0030 	DATA 	Keypress: i
281.0030 	CRITICAL 	Final keypress: i
281.2687 	CRITICAL 	Stim: Joyful
282.2206 	DATA 	Keypress: e
282.2207 	CRITICAL 	Final keypress: e
282.4862 	CRITICAL 	Stim: wf6_nc.jpg
283.1213 	DATA 	Keypress: i
283.1215 	CRITICAL 	Final keypress: i
283.3869 	CRITICAL 	Stim: Painful
284.1720 	DATA 	Keypress: i
284.1721 	CRITICAL 	Final keypress: i
284.4376 	CRITICAL 	Stim: Terrible
284.8892 	DATA 	Keypress: i
284.8893 	CRITICAL 	Final keypress: i
285.1549 	DATA 	***End of Run***
291.2425 	DATA 	Keypress: escape
